<?xml version="1.0" encoding="utf-8"?>
<outputLog>
  <ApplicationId>4c8c9ea9-82b1-49b8-8f87-bce16b753faa</ApplicationId>
  <FileLogs>
    <FileLog>
      <ProjectId>6931cced-7e85-44d0-bcd7-ea99f86a9d4a</ProjectId>
      <CorrelationId>Intent.VisualStudio.Projects.CoreWeb.AppSettings-Default#6931cced-7e85-44d0-bcd7-ea99f86a9d4a</CorrelationId>
      <OverwriteBehaviour>always</OverwriteBehaviour>
      <ApplicationRelativeFilePath>../../eShopOnDapr.Ordering/eShopOnDapr.Ordering.Api/appsettings.json</ApplicationRelativeFilePath>
      <ProjectRelativeFilePath>appsettings.json</ProjectRelativeFilePath>
      <IsIgnored>false</IsIgnored>
    </FileLog>
    <FileLog>
      <ProjectId>83b1f912-31cb-4c7e-9e53-497c33aac834</ProjectId>
      <CorrelationId>Intent.Dapr.AspNetCore.DaprConfiguration</CorrelationId>
      <OverwriteBehaviour>always</OverwriteBehaviour>
      <ApplicationRelativeFilePath>../../eShopOnDapr.Ordering/eShopOnDapr.Ordering.Api/Configuration/DaprConfiguration.cs</ApplicationRelativeFilePath>
      <ProjectRelativeFilePath>DaprConfiguration.cs</ProjectRelativeFilePath>
      <IsIgnored>false</IsIgnored>
    </FileLog>
    <FileLog>
      <ProjectId>83b1f912-31cb-4c7e-9e53-497c33aac834</ProjectId>
      <CorrelationId>Intent.Security.JWT.ConfigurationJWTAuthentication</CorrelationId>
      <OverwriteBehaviour>always</OverwriteBehaviour>
      <ApplicationRelativeFilePath>../../eShopOnDapr.Ordering/eShopOnDapr.Ordering.Api/Configuration/JWTAuthenticationConfiguration.cs</ApplicationRelativeFilePath>
      <ProjectRelativeFilePath>JWTAuthenticationConfiguration.cs</ProjectRelativeFilePath>
      <IsIgnored>false</IsIgnored>
    </FileLog>
    <FileLog>
      <ProjectId>83b1f912-31cb-4c7e-9e53-497c33aac834</ProjectId>
      <CorrelationId>Intent.AspNetCore.Swashbuckle.SwashbuckleConfiguration</CorrelationId>
      <OverwriteBehaviour>always</OverwriteBehaviour>
      <ApplicationRelativeFilePath>../../eShopOnDapr.Ordering/eShopOnDapr.Ordering.Api/Configuration/SwashbuckleConfiguration.cs</ApplicationRelativeFilePath>
      <ProjectRelativeFilePath>SwashbuckleConfiguration.cs</ProjectRelativeFilePath>
      <IsIgnored>false</IsIgnored>
    </FileLog>
    <FileLog>
      <ProjectId>0a8875c8-c16a-4384-848e-1de7b6079342</ProjectId>
      <CorrelationId>Intent.Dapr.AspNetCore.Pubsub.DaprEventHandlerController</CorrelationId>
      <OverwriteBehaviour>always</OverwriteBehaviour>
      <ApplicationRelativeFilePath>../../eShopOnDapr.Ordering/eShopOnDapr.Ordering.Api/Controllers/DaprEventHandlerController.cs</ApplicationRelativeFilePath>
      <ProjectRelativeFilePath>DaprEventHandlerController.cs</ProjectRelativeFilePath>
      <IsIgnored>false</IsIgnored>
    </FileLog>
    <FileLog>
      <ProjectId>0a8875c8-c16a-4384-848e-1de7b6079342</ProjectId>
      <CorrelationId>Intent.AspNetCore.Controllers.Controller#a9e484b8-2d78-4a28-a03c-fb463b35a91c</CorrelationId>
      <OverwriteBehaviour>always</OverwriteBehaviour>
      <ApplicationRelativeFilePath>../../eShopOnDapr.Ordering/eShopOnDapr.Ordering.Api/Controllers/TestingController.cs</ApplicationRelativeFilePath>
      <ProjectRelativeFilePath>TestingController.cs</ProjectRelativeFilePath>
      <IsIgnored>false</IsIgnored>
    </FileLog>
    <FileLog>
      <ProjectId>6931cced-7e85-44d0-bcd7-ea99f86a9d4a</ProjectId>
      <CorrelationId>Intent.VisualStudio.Projects.CoreWeb.CSProject#6931cced-7e85-44d0-bcd7-ea99f86a9d4a</CorrelationId>
      <OverwriteBehaviour>always</OverwriteBehaviour>
      <ApplicationRelativeFilePath>../../eShopOnDapr.Ordering/eShopOnDapr.Ordering.Api/eShopOnDapr.Ordering.Api.csproj</ApplicationRelativeFilePath>
      <ProjectRelativeFilePath>eShopOnDapr.Ordering.Api.csproj</ProjectRelativeFilePath>
      <IsIgnored>false</IsIgnored>
    </FileLog>
    <FileLog>
      <ProjectId>48df23fc-ea98-4825-9d33-88e68d281a32</ProjectId>
      <CorrelationId>Intent.AspNetCore.Swashbuckle.AuthorizeCheckOperationFilter</CorrelationId>
      <OverwriteBehaviour>always</OverwriteBehaviour>
      <ApplicationRelativeFilePath>../../eShopOnDapr.Ordering/eShopOnDapr.Ordering.Api/Filters/AuthorizeCheckOperationFilter.cs</ApplicationRelativeFilePath>
      <ProjectRelativeFilePath>AuthorizeCheckOperationFilter.cs</ProjectRelativeFilePath>
      <IsIgnored>false</IsIgnored>
    </FileLog>
    <FileLog>
      <ProjectId>6931cced-7e85-44d0-bcd7-ea99f86a9d4a</ProjectId>
      <CorrelationId>Intent.AspNetCore.Program</CorrelationId>
      <OverwriteBehaviour>always</OverwriteBehaviour>
      <ApplicationRelativeFilePath>../../eShopOnDapr.Ordering/eShopOnDapr.Ordering.Api/Program.cs</ApplicationRelativeFilePath>
      <ProjectRelativeFilePath>Program.cs</ProjectRelativeFilePath>
      <IsIgnored>false</IsIgnored>
    </FileLog>
    <FileLog>
      <ProjectId>6931cced-7e85-44d0-bcd7-ea99f86a9d4a</ProjectId>
      <CorrelationId>Intent.VisualStudio.Projects.CoreWeb.LaunchSettings#6931cced-7e85-44d0-bcd7-ea99f86a9d4a</CorrelationId>
      <OverwriteBehaviour>always</OverwriteBehaviour>
      <ApplicationRelativeFilePath>../../eShopOnDapr.Ordering/eShopOnDapr.Ordering.Api/Properties/launchsettings.json</ApplicationRelativeFilePath>
      <ProjectRelativeFilePath>Properties/launchsettings.json</ProjectRelativeFilePath>
      <IsIgnored>false</IsIgnored>
    </FileLog>
    <FileLog>
      <ProjectId>aae03694-0c15-4496-9708-7d938934d9ef</ProjectId>
      <CorrelationId>Intent.Security.JWT.CurrentUserService</CorrelationId>
      <OverwriteBehaviour>always</OverwriteBehaviour>
      <ApplicationRelativeFilePath>../../eShopOnDapr.Ordering/eShopOnDapr.Ordering.Api/Services/CurrentUserService.cs</ApplicationRelativeFilePath>
      <ProjectRelativeFilePath>CurrentUserService.cs</ProjectRelativeFilePath>
      <IsIgnored>false</IsIgnored>
    </FileLog>
    <FileLog>
      <ProjectId>6931cced-7e85-44d0-bcd7-ea99f86a9d4a</ProjectId>
      <CorrelationId>Intent.AspNetCore.Startup</CorrelationId>
      <OverwriteBehaviour>always</OverwriteBehaviour>
      <ApplicationRelativeFilePath>../../eShopOnDapr.Ordering/eShopOnDapr.Ordering.Api/Startup.cs</ApplicationRelativeFilePath>
      <ProjectRelativeFilePath>Startup.cs</ProjectRelativeFilePath>
      <IsIgnored>false</IsIgnored>
    </FileLog>
    <FileLog>
      <ProjectId>27c15ba9-d4f4-435d-aefb-f86dac46c49a</ProjectId>
      <CorrelationId>Intent.Application.MediatR.Behaviours.AuthorizationBehaviour</CorrelationId>
      <OverwriteBehaviour>always</OverwriteBehaviour>
      <ApplicationRelativeFilePath>../../eShopOnDapr.Ordering/eShopOnDapr.Ordering.Application/Common/Behaviours/AuthorizationBehaviour.cs</ApplicationRelativeFilePath>
      <ProjectRelativeFilePath>AuthorizationBehaviour.cs</ProjectRelativeFilePath>
      <IsIgnored>false</IsIgnored>
    </FileLog>
    <FileLog>
      <ProjectId>27c15ba9-d4f4-435d-aefb-f86dac46c49a</ProjectId>
      <CorrelationId>Intent.Dapr.AspNetCore.Pubsub.EventBusPublishBehaviour</CorrelationId>
      <OverwriteBehaviour>always</OverwriteBehaviour>
      <ApplicationRelativeFilePath>../../eShopOnDapr.Ordering/eShopOnDapr.Ordering.Application/Common/Behaviours/EventBusPublishBehaviour.cs</ApplicationRelativeFilePath>
      <ProjectRelativeFilePath>EventBusPublishBehaviour.cs</ProjectRelativeFilePath>
      <IsIgnored>false</IsIgnored>
    </FileLog>
    <FileLog>
      <ProjectId>27c15ba9-d4f4-435d-aefb-f86dac46c49a</ProjectId>
      <CorrelationId>Intent.Application.MediatR.Behaviours.LoggingBehaviour</CorrelationId>
      <OverwriteBehaviour>always</OverwriteBehaviour>
      <ApplicationRelativeFilePath>../../eShopOnDapr.Ordering/eShopOnDapr.Ordering.Application/Common/Behaviours/LoggingBehaviour.cs</ApplicationRelativeFilePath>
      <ProjectRelativeFilePath>LoggingBehaviour.cs</ProjectRelativeFilePath>
      <IsIgnored>false</IsIgnored>
    </FileLog>
    <FileLog>
      <ProjectId>27c15ba9-d4f4-435d-aefb-f86dac46c49a</ProjectId>
      <CorrelationId>Intent.Application.MediatR.Behaviours.PerformanceBehaviour</CorrelationId>
      <OverwriteBehaviour>always</OverwriteBehaviour>
      <ApplicationRelativeFilePath>../../eShopOnDapr.Ordering/eShopOnDapr.Ordering.Application/Common/Behaviours/PerformanceBehaviour.cs</ApplicationRelativeFilePath>
      <ProjectRelativeFilePath>PerformanceBehaviour.cs</ProjectRelativeFilePath>
      <IsIgnored>false</IsIgnored>
    </FileLog>
    <FileLog>
      <ProjectId>27c15ba9-d4f4-435d-aefb-f86dac46c49a</ProjectId>
      <CorrelationId>Intent.Application.MediatR.Behaviours.UnhandledExceptionBehaviour</CorrelationId>
      <OverwriteBehaviour>always</OverwriteBehaviour>
      <ApplicationRelativeFilePath>../../eShopOnDapr.Ordering/eShopOnDapr.Ordering.Application/Common/Behaviours/UnhandledExceptionBehaviour.cs</ApplicationRelativeFilePath>
      <ProjectRelativeFilePath>UnhandledExceptionBehaviour.cs</ProjectRelativeFilePath>
      <IsIgnored>false</IsIgnored>
    </FileLog>
    <FileLog>
      <ProjectId>27c15ba9-d4f4-435d-aefb-f86dac46c49a</ProjectId>
      <CorrelationId>Intent.Application.MediatR.Behaviours.UnitOfWorkBehaviour</CorrelationId>
      <OverwriteBehaviour>always</OverwriteBehaviour>
      <ApplicationRelativeFilePath>../../eShopOnDapr.Ordering/eShopOnDapr.Ordering.Application/Common/Behaviours/UnitOfWorkBehaviour.cs</ApplicationRelativeFilePath>
      <ProjectRelativeFilePath>UnitOfWorkBehaviour.cs</ProjectRelativeFilePath>
      <IsIgnored>false</IsIgnored>
    </FileLog>
    <FileLog>
      <ProjectId>27c15ba9-d4f4-435d-aefb-f86dac46c49a</ProjectId>
      <CorrelationId>Intent.Application.MediatR.FluentValidation.ValidationBehaviour</CorrelationId>
      <OverwriteBehaviour>always</OverwriteBehaviour>
      <ApplicationRelativeFilePath>../../eShopOnDapr.Ordering/eShopOnDapr.Ordering.Application/Common/Behaviours/ValidationBehaviour.cs</ApplicationRelativeFilePath>
      <ProjectRelativeFilePath>ValidationBehaviour.cs</ProjectRelativeFilePath>
      <IsIgnored>false</IsIgnored>
    </FileLog>
    <FileLog>
      <ProjectId>8bcb6753-c66a-4377-bf04-80f8ea59220c</ProjectId>
      <CorrelationId>Intent.Dapr.AspNetCore.Pubsub.EventBusImplementation</CorrelationId>
      <OverwriteBehaviour>always</OverwriteBehaviour>
      <ApplicationRelativeFilePath>../../eShopOnDapr.Ordering/eShopOnDapr.Ordering.Application/Common/Eventing/EventBusImplementation.cs</ApplicationRelativeFilePath>
      <ProjectRelativeFilePath>EventBusImplementation.cs</ProjectRelativeFilePath>
      <IsIgnored>false</IsIgnored>
    </FileLog>
    <FileLog>
      <ProjectId>8bcb6753-c66a-4377-bf04-80f8ea59220c</ProjectId>
      <CorrelationId>Intent.Dapr.AspNetCore.Pubsub.EventInterface</CorrelationId>
      <OverwriteBehaviour>always</OverwriteBehaviour>
      <ApplicationRelativeFilePath>../../eShopOnDapr.Ordering/eShopOnDapr.Ordering.Application/Common/Eventing/IEvent.cs</ApplicationRelativeFilePath>
      <ProjectRelativeFilePath>IEvent.cs</ProjectRelativeFilePath>
      <IsIgnored>false</IsIgnored>
    </FileLog>
    <FileLog>
      <ProjectId>8bcb6753-c66a-4377-bf04-80f8ea59220c</ProjectId>
      <CorrelationId>Intent.Dapr.AspNetCore.Pubsub.EventBusInterface</CorrelationId>
      <OverwriteBehaviour>always</OverwriteBehaviour>
      <ApplicationRelativeFilePath>../../eShopOnDapr.Ordering/eShopOnDapr.Ordering.Application/Common/Eventing/IEventBus.cs</ApplicationRelativeFilePath>
      <ProjectRelativeFilePath>IEventBus.cs</ProjectRelativeFilePath>
      <IsIgnored>false</IsIgnored>
    </FileLog>
    <FileLog>
      <ProjectId>2bcb2dbb-09ae-4946-8de6-8c1ec7761df6</ProjectId>
      <CorrelationId>Intent.Application.Identity.ForbiddenAccessException</CorrelationId>
      <OverwriteBehaviour>always</OverwriteBehaviour>
      <ApplicationRelativeFilePath>../../eShopOnDapr.Ordering/eShopOnDapr.Ordering.Application/Common/Exceptions/ForbiddenAccessException.cs</ApplicationRelativeFilePath>
      <ProjectRelativeFilePath>ForbiddenAccessException.cs</ProjectRelativeFilePath>
      <IsIgnored>false</IsIgnored>
    </FileLog>
    <FileLog>
      <ProjectId>2bcb2dbb-09ae-4946-8de6-8c1ec7761df6</ProjectId>
      <CorrelationId>Intent.Dapr.AspNetCore.ServiceInvocation.HttpClientRequestException</CorrelationId>
      <OverwriteBehaviour>always</OverwriteBehaviour>
      <ApplicationRelativeFilePath>../../eShopOnDapr.Ordering/eShopOnDapr.Ordering.Application/Common/Exceptions/HttpClientRequestException.cs</ApplicationRelativeFilePath>
      <ProjectRelativeFilePath>HttpClientRequestException.cs</ProjectRelativeFilePath>
      <IsIgnored>false</IsIgnored>
    </FileLog>
    <FileLog>
      <ProjectId>dff64c00-a22f-42cd-a67b-e28f62b1c4c8</ProjectId>
      <CorrelationId>Intent.Application.MediatR.CommandInterface</CorrelationId>
      <OverwriteBehaviour>always</OverwriteBehaviour>
      <ApplicationRelativeFilePath>../../eShopOnDapr.Ordering/eShopOnDapr.Ordering.Application/Common/Interfaces/ICommand.cs</ApplicationRelativeFilePath>
      <ProjectRelativeFilePath>ICommand.cs</ProjectRelativeFilePath>
      <IsIgnored>false</IsIgnored>
    </FileLog>
    <FileLog>
      <ProjectId>dff64c00-a22f-42cd-a67b-e28f62b1c4c8</ProjectId>
      <CorrelationId>Intent.Application.Identity.CurrentUserServiceInterface</CorrelationId>
      <OverwriteBehaviour>always</OverwriteBehaviour>
      <ApplicationRelativeFilePath>../../eShopOnDapr.Ordering/eShopOnDapr.Ordering.Application/Common/Interfaces/ICurrentUserService.cs</ApplicationRelativeFilePath>
      <ProjectRelativeFilePath>ICurrentUserService.cs</ProjectRelativeFilePath>
      <IsIgnored>false</IsIgnored>
    </FileLog>
    <FileLog>
      <ProjectId>dff64c00-a22f-42cd-a67b-e28f62b1c4c8</ProjectId>
      <CorrelationId>Intent.DomainEvents.DomainEventServiceInterface</CorrelationId>
      <OverwriteBehaviour>always</OverwriteBehaviour>
      <ApplicationRelativeFilePath>../../eShopOnDapr.Ordering/eShopOnDapr.Ordering.Application/Common/Interfaces/IDomainEventService.cs</ApplicationRelativeFilePath>
      <ProjectRelativeFilePath>IDomainEventService.cs</ProjectRelativeFilePath>
      <IsIgnored>false</IsIgnored>
    </FileLog>
    <FileLog>
      <ProjectId>dff64c00-a22f-42cd-a67b-e28f62b1c4c8</ProjectId>
      <CorrelationId>Intent.Application.MediatR.QueryInterface</CorrelationId>
      <OverwriteBehaviour>always</OverwriteBehaviour>
      <ApplicationRelativeFilePath>../../eShopOnDapr.Ordering/eShopOnDapr.Ordering.Application/Common/Interfaces/IQuery.cs</ApplicationRelativeFilePath>
      <ProjectRelativeFilePath>IQuery.cs</ProjectRelativeFilePath>
      <IsIgnored>false</IsIgnored>
    </FileLog>
    <FileLog>
      <ProjectId>4845d401-517d-4f08-8c3d-19ca707f33ae</ProjectId>
      <CorrelationId>Intent.Application.AutoMapper.MapFromInterface</CorrelationId>
      <OverwriteBehaviour>always</OverwriteBehaviour>
      <ApplicationRelativeFilePath>../../eShopOnDapr.Ordering/eShopOnDapr.Ordering.Application/Common/Mappings/IMapFrom.cs</ApplicationRelativeFilePath>
      <ProjectRelativeFilePath>IMapFrom.cs</ProjectRelativeFilePath>
      <IsIgnored>false</IsIgnored>
    </FileLog>
    <FileLog>
      <ProjectId>4845d401-517d-4f08-8c3d-19ca707f33ae</ProjectId>
      <CorrelationId>Intent.Application.AutoMapper.MappingProfile</CorrelationId>
      <OverwriteBehaviour>always</OverwriteBehaviour>
      <ApplicationRelativeFilePath>../../eShopOnDapr.Ordering/eShopOnDapr.Ordering.Application/Common/Mappings/MappingProfile.cs</ApplicationRelativeFilePath>
      <ProjectRelativeFilePath>MappingProfile.cs</ProjectRelativeFilePath>
      <IsIgnored>false</IsIgnored>
    </FileLog>
    <FileLog>
      <ProjectId>d93c2a66-5875-48fd-9606-9d9d263f3962</ProjectId>
      <CorrelationId>Intent.MediatR.DomainEvents.DomainEventNotification</CorrelationId>
      <OverwriteBehaviour>always</OverwriteBehaviour>
      <ApplicationRelativeFilePath>../../eShopOnDapr.Ordering/eShopOnDapr.Ordering.Application/Common/Models/DomainEventNotification.cs</ApplicationRelativeFilePath>
      <ProjectRelativeFilePath>DomainEventNotification.cs</ProjectRelativeFilePath>
      <IsIgnored>false</IsIgnored>
    </FileLog>
    <FileLog>
      <ProjectId>d93c2a66-5875-48fd-9606-9d9d263f3962</ProjectId>
      <CorrelationId>Intent.Application.Identity.ResultModel</CorrelationId>
      <OverwriteBehaviour>always</OverwriteBehaviour>
      <ApplicationRelativeFilePath>../../eShopOnDapr.Ordering/eShopOnDapr.Ordering.Application/Common/Models/Result.cs</ApplicationRelativeFilePath>
      <ProjectRelativeFilePath>Result.cs</ProjectRelativeFilePath>
      <IsIgnored>false</IsIgnored>
    </FileLog>
    <FileLog>
      <ProjectId>0400a344-af79-42c8-a3fc-35bbe7cc22f5</ProjectId>
      <CorrelationId>Intent.Application.Dtos.Pagination.PagedResult</CorrelationId>
      <OverwriteBehaviour>always</OverwriteBehaviour>
      <ApplicationRelativeFilePath>../../eShopOnDapr.Ordering/eShopOnDapr.Ordering.Application/Common/Pagination/PagedResult.cs</ApplicationRelativeFilePath>
      <ProjectRelativeFilePath>PagedResult.cs</ProjectRelativeFilePath>
      <IsIgnored>false</IsIgnored>
    </FileLog>
    <FileLog>
      <ProjectId>0400a344-af79-42c8-a3fc-35bbe7cc22f5</ProjectId>
      <CorrelationId>Intent.Application.Dtos.Pagination.PagedResultMappingExtensions</CorrelationId>
      <OverwriteBehaviour>always</OverwriteBehaviour>
      <ApplicationRelativeFilePath>../../eShopOnDapr.Ordering/eShopOnDapr.Ordering.Application/Common/Pagination/PagedResultMappingExtensions.cs</ApplicationRelativeFilePath>
      <ProjectRelativeFilePath>PagedResultMappingExtensions.cs</ProjectRelativeFilePath>
      <IsIgnored>false</IsIgnored>
    </FileLog>
    <FileLog>
      <ProjectId>e036504c-f798-4f0e-9fc1-687cb9beb87c</ProjectId>
      <CorrelationId>Intent.Application.Identity.AuthorizeAttribute</CorrelationId>
      <OverwriteBehaviour>always</OverwriteBehaviour>
      <ApplicationRelativeFilePath>../../eShopOnDapr.Ordering/eShopOnDapr.Ordering.Application/Common/Security/AuthorizeAttribute.cs</ApplicationRelativeFilePath>
      <ProjectRelativeFilePath>AuthorizeAttribute.cs</ProjectRelativeFilePath>
      <IsIgnored>false</IsIgnored>
    </FileLog>
    <FileLog>
      <ProjectId>adbccd68-57b6-432c-8216-a02d4f0f99bf</ProjectId>
      <CorrelationId>Intent.Application.DependencyInjection.DependencyInjection</CorrelationId>
      <OverwriteBehaviour>always</OverwriteBehaviour>
      <ApplicationRelativeFilePath>../../eShopOnDapr.Ordering/eShopOnDapr.Ordering.Application/DependencyInjection.cs</ApplicationRelativeFilePath>
      <ProjectRelativeFilePath>DependencyInjection.cs</ProjectRelativeFilePath>
      <IsIgnored>false</IsIgnored>
    </FileLog>
    <FileLog>
      <ProjectId>adbccd68-57b6-432c-8216-a02d4f0f99bf</ProjectId>
      <CorrelationId>Intent.Application.MediatR.CommandModels#1b2a6e57-9a8d-4174-88c6-dfa93fb33571</CorrelationId>
      <OverwriteBehaviour>always</OverwriteBehaviour>
      <ApplicationRelativeFilePath>../../eShopOnDapr.Ordering/eShopOnDapr.Ordering.Application/DoPub/DoPub.cs</ApplicationRelativeFilePath>
      <ProjectRelativeFilePath>DoPub/DoPub.cs</ProjectRelativeFilePath>
      <IsIgnored>false</IsIgnored>
    </FileLog>
    <FileLog>
      <ProjectId>adbccd68-57b6-432c-8216-a02d4f0f99bf</ProjectId>
      <CorrelationId>Intent.Application.MediatR.CommandHandler#1b2a6e57-9a8d-4174-88c6-dfa93fb33571</CorrelationId>
      <OverwriteBehaviour>always</OverwriteBehaviour>
      <ApplicationRelativeFilePath>../../eShopOnDapr.Ordering/eShopOnDapr.Ordering.Application/DoPub/DoPubHandler.cs</ApplicationRelativeFilePath>
      <ProjectRelativeFilePath>DoPub/DoPubHandler.cs</ProjectRelativeFilePath>
      <IsIgnored>false</IsIgnored>
    </FileLog>
    <FileLog>
      <ProjectId>adbccd68-57b6-432c-8216-a02d4f0f99bf</ProjectId>
      <CorrelationId>Intent.Application.MediatR.FluentValidation.CommandValidator#1b2a6e57-9a8d-4174-88c6-dfa93fb33571</CorrelationId>
      <OverwriteBehaviour>always</OverwriteBehaviour>
      <ApplicationRelativeFilePath>../../eShopOnDapr.Ordering/eShopOnDapr.Ordering.Application/DoPub/DoPubValidator.cs</ApplicationRelativeFilePath>
      <ProjectRelativeFilePath>DoPub/DoPubValidator.cs</ProjectRelativeFilePath>
      <IsIgnored>false</IsIgnored>
    </FileLog>
    <FileLog>
      <ProjectId>adbccd68-57b6-432c-8216-a02d4f0f99bf</ProjectId>
      <CorrelationId>Intent.VisualStudio.Projects.CoreLibrary.CSProject#adbccd68-57b6-432c-8216-a02d4f0f99bf</CorrelationId>
      <OverwriteBehaviour>always</OverwriteBehaviour>
      <ApplicationRelativeFilePath>../../eShopOnDapr.Ordering/eShopOnDapr.Ordering.Application/eShopOnDapr.Ordering.Application.csproj</ApplicationRelativeFilePath>
      <ProjectRelativeFilePath>eShopOnDapr.Ordering.Application.csproj</ProjectRelativeFilePath>
      <IsIgnored>false</IsIgnored>
    </FileLog>
    <FileLog>
      <ProjectId>adbccd68-57b6-432c-8216-a02d4f0f99bf</ProjectId>
      <CorrelationId>Intent.Application.Contracts.Clients.DtoContract#aac01601-7f93-4777-b905-a3e3ce530016</CorrelationId>
      <OverwriteBehaviour>always</OverwriteBehaviour>
      <ApplicationRelativeFilePath>../../eShopOnDapr.Ordering/eShopOnDapr.Ordering.Application/NewServiceProxy/BasketCheckout.cs</ApplicationRelativeFilePath>
      <ProjectRelativeFilePath>NewServiceProxy/BasketCheckout.cs</ProjectRelativeFilePath>
      <IsIgnored>false</IsIgnored>
    </FileLog>
    <FileLog>
      <ProjectId>adbccd68-57b6-432c-8216-a02d4f0f99bf</ProjectId>
      <CorrelationId>Intent.Application.Contracts.Clients.DtoContract#7e0b6066-6363-407e-9a8d-851163865f90</CorrelationId>
      <OverwriteBehaviour>always</OverwriteBehaviour>
      <ApplicationRelativeFilePath>../../eShopOnDapr.Ordering/eShopOnDapr.Ordering.Application/NewServiceProxy/BasketItem.cs</ApplicationRelativeFilePath>
      <ProjectRelativeFilePath>NewServiceProxy/BasketItem.cs</ProjectRelativeFilePath>
      <IsIgnored>false</IsIgnored>
    </FileLog>
    <FileLog>
      <ProjectId>adbccd68-57b6-432c-8216-a02d4f0f99bf</ProjectId>
      <CorrelationId>Intent.Application.Contracts.Clients.DtoContract#634dd4c8-e3c6-44e4-9a44-ff1bc858d649</CorrelationId>
      <OverwriteBehaviour>always</OverwriteBehaviour>
      <ApplicationRelativeFilePath>../../eShopOnDapr.Ordering/eShopOnDapr.Ordering.Application/NewServiceProxy/CustomerBasket.cs</ApplicationRelativeFilePath>
      <ProjectRelativeFilePath>NewServiceProxy/CustomerBasket.cs</ProjectRelativeFilePath>
      <IsIgnored>false</IsIgnored>
    </FileLog>
    <FileLog>
      <ProjectId>adbccd68-57b6-432c-8216-a02d4f0f99bf</ProjectId>
      <CorrelationId>Intent.Application.Contracts.Clients.ServiceContract#d1c11bbe-1661-47ac-89b0-163bedeb78a3</CorrelationId>
      <OverwriteBehaviour>always</OverwriteBehaviour>
      <ApplicationRelativeFilePath>../../eShopOnDapr.Ordering/eShopOnDapr.Ordering.Application/NewServiceProxy/INewServiceProxyClient.cs</ApplicationRelativeFilePath>
      <ProjectRelativeFilePath>NewServiceProxy/INewServiceProxyClient.cs</ProjectRelativeFilePath>
      <IsIgnored>false</IsIgnored>
    </FileLog>
    <FileLog>
      <ProjectId>adbccd68-57b6-432c-8216-a02d4f0f99bf</ProjectId>
      <CorrelationId>Intent.Dapr.AspNetCore.Pubsub.Event#4908eaed-238e-45ad-96d4-77ca3154ad9b</CorrelationId>
      <OverwriteBehaviour>always</OverwriteBehaviour>
      <ApplicationRelativeFilePath>../../eShopOnDapr.Ordering/eShopOnDapr.Ordering.Application/OrderStatusChangedToSubmittedIntegrationEvent.cs</ApplicationRelativeFilePath>
      <ProjectRelativeFilePath>OrderStatusChangedToSubmittedIntegrationEvent.cs</ProjectRelativeFilePath>
      <IsIgnored>false</IsIgnored>
    </FileLog>
    <FileLog>
      <ProjectId>adbccd68-57b6-432c-8216-a02d4f0f99bf</ProjectId>
      <CorrelationId>Intent.Dapr.AspNetCore.Pubsub.EventHandler#e10e4119-6730-45ba-bedb-bc03f58e6754</CorrelationId>
      <OverwriteBehaviour>always</OverwriteBehaviour>
      <ApplicationRelativeFilePath>../../eShopOnDapr.Ordering/eShopOnDapr.Ordering.Application/UserCheckoutAcceptedIntegration/UserCheckoutAcceptedIntegrationEventHandler.cs</ApplicationRelativeFilePath>
      <ProjectRelativeFilePath>UserCheckoutAcceptedIntegration/UserCheckoutAcceptedIntegrationEventHandler.cs</ProjectRelativeFilePath>
      <IsIgnored>false</IsIgnored>
    </FileLog>
    <FileLog>
      <ProjectId>adbccd68-57b6-432c-8216-a02d4f0f99bf</ProjectId>
      <CorrelationId>Intent.Dapr.AspNetCore.Pubsub.Event#e10e4119-6730-45ba-bedb-bc03f58e6754</CorrelationId>
      <OverwriteBehaviour>always</OverwriteBehaviour>
      <ApplicationRelativeFilePath>../../eShopOnDapr.Ordering/eShopOnDapr.Ordering.Application/UserCheckoutAcceptedIntegrationEvent.cs</ApplicationRelativeFilePath>
      <ProjectRelativeFilePath>UserCheckoutAcceptedIntegrationEvent.cs</ProjectRelativeFilePath>
      <IsIgnored>false</IsIgnored>
    </FileLog>
    <FileLog>
      <ProjectId>85bebfa8-6d7e-49ba-91e1-89d35a7d7980</ProjectId>
      <CorrelationId>Intent.Entities.CollectionExtensions</CorrelationId>
      <OverwriteBehaviour>always</OverwriteBehaviour>
      <ApplicationRelativeFilePath>../../eShopOnDapr.Ordering/eShopOnDapr.Ordering.Domain/Common/CollectionExtensions.cs</ApplicationRelativeFilePath>
      <ProjectRelativeFilePath>CollectionExtensions.cs</ProjectRelativeFilePath>
      <IsIgnored>false</IsIgnored>
    </FileLog>
    <FileLog>
      <ProjectId>85bebfa8-6d7e-49ba-91e1-89d35a7d7980</ProjectId>
      <CorrelationId>Intent.DomainEvents.DomainEventBase</CorrelationId>
      <OverwriteBehaviour>always</OverwriteBehaviour>
      <ApplicationRelativeFilePath>../../eShopOnDapr.Ordering/eShopOnDapr.Ordering.Domain/Common/DomainEvent.cs</ApplicationRelativeFilePath>
      <ProjectRelativeFilePath>DomainEvent.cs</ProjectRelativeFilePath>
      <IsIgnored>false</IsIgnored>
    </FileLog>
    <FileLog>
      <ProjectId>85bebfa8-6d7e-49ba-91e1-89d35a7d7980</ProjectId>
      <CorrelationId>Intent.DomainEvents.HasDomainEventInterface</CorrelationId>
      <OverwriteBehaviour>always</OverwriteBehaviour>
      <ApplicationRelativeFilePath>../../eShopOnDapr.Ordering/eShopOnDapr.Ordering.Domain/Common/IHasDomainEvent.cs</ApplicationRelativeFilePath>
      <ProjectRelativeFilePath>IHasDomainEvent.cs</ProjectRelativeFilePath>
      <IsIgnored>false</IsIgnored>
    </FileLog>
    <FileLog>
      <ProjectId>747f9cc5-ae4f-4f21-a615-638782dee301</ProjectId>
      <CorrelationId>Intent.Entities.Repositories.Api.UnitOfWorkInterface</CorrelationId>
      <OverwriteBehaviour>always</OverwriteBehaviour>
      <ApplicationRelativeFilePath>../../eShopOnDapr.Ordering/eShopOnDapr.Ordering.Domain/Common/Interfaces/IUnitOfWork.cs</ApplicationRelativeFilePath>
      <ProjectRelativeFilePath>IUnitOfWork.cs</ProjectRelativeFilePath>
      <IsIgnored>false</IsIgnored>
    </FileLog>
    <FileLog>
      <ProjectId>85bebfa8-6d7e-49ba-91e1-89d35a7d7980</ProjectId>
      <CorrelationId>Intent.Entities.UpdateHelper</CorrelationId>
      <OverwriteBehaviour>always</OverwriteBehaviour>
      <ApplicationRelativeFilePath>../../eShopOnDapr.Ordering/eShopOnDapr.Ordering.Domain/Common/UpdateHelper.cs</ApplicationRelativeFilePath>
      <ProjectRelativeFilePath>UpdateHelper.cs</ProjectRelativeFilePath>
      <IsIgnored>false</IsIgnored>
    </FileLog>
    <FileLog>
      <ProjectId>8aa6777b-70a6-4104-8495-8f2d43e9db66</ProjectId>
      <CorrelationId>Intent.VisualStudio.Projects.CoreLibrary.CSProject#8aa6777b-70a6-4104-8495-8f2d43e9db66</CorrelationId>
      <OverwriteBehaviour>always</OverwriteBehaviour>
      <ApplicationRelativeFilePath>../../eShopOnDapr.Ordering/eShopOnDapr.Ordering.Domain/eShopOnDapr.Ordering.Domain.csproj</ApplicationRelativeFilePath>
      <ProjectRelativeFilePath>eShopOnDapr.Ordering.Domain.csproj</ProjectRelativeFilePath>
      <IsIgnored>false</IsIgnored>
    </FileLog>
    <FileLog>
      <ProjectId>cb87c962-366f-422e-a858-30fb8766c5df</ProjectId>
      <CorrelationId>Intent.Entities.Repositories.Api.PagedResultInterface</CorrelationId>
      <OverwriteBehaviour>always</OverwriteBehaviour>
      <ApplicationRelativeFilePath>../../eShopOnDapr.Ordering/eShopOnDapr.Ordering.Domain/Repositories/IPagedResult.cs</ApplicationRelativeFilePath>
      <ProjectRelativeFilePath>IPagedResult.cs</ProjectRelativeFilePath>
      <IsIgnored>false</IsIgnored>
    </FileLog>
    <FileLog>
      <ProjectId>cb87c962-366f-422e-a858-30fb8766c5df</ProjectId>
      <CorrelationId>Intent.Entities.Repositories.Api.RepositoryInterface</CorrelationId>
      <OverwriteBehaviour>always</OverwriteBehaviour>
      <ApplicationRelativeFilePath>../../eShopOnDapr.Ordering/eShopOnDapr.Ordering.Domain/Repositories/IRepository.cs</ApplicationRelativeFilePath>
      <ProjectRelativeFilePath>IRepository.cs</ProjectRelativeFilePath>
      <IsIgnored>false</IsIgnored>
    </FileLog>
    <FileLog>
      <ProjectId>11dbe992-3303-4595-9d35-39d50c52df98</ProjectId>
      <CorrelationId>Intent.Infrastructure.DependencyInjection.DependencyInjection</CorrelationId>
      <OverwriteBehaviour>always</OverwriteBehaviour>
      <ApplicationRelativeFilePath>../../eShopOnDapr.Ordering/eShopOnDapr.Ordering.Infrastructure/DependencyInjection.cs</ApplicationRelativeFilePath>
      <ProjectRelativeFilePath>DependencyInjection.cs</ProjectRelativeFilePath>
      <IsIgnored>false</IsIgnored>
    </FileLog>
    <FileLog>
      <ProjectId>11dbe992-3303-4595-9d35-39d50c52df98</ProjectId>
      <CorrelationId>Intent.VisualStudio.Projects.CoreLibrary.CSProject#11dbe992-3303-4595-9d35-39d50c52df98</CorrelationId>
      <OverwriteBehaviour>always</OverwriteBehaviour>
      <ApplicationRelativeFilePath>../../eShopOnDapr.Ordering/eShopOnDapr.Ordering.Infrastructure/eShopOnDapr.Ordering.Infrastructure.csproj</ApplicationRelativeFilePath>
      <ProjectRelativeFilePath>eShopOnDapr.Ordering.Infrastructure.csproj</ProjectRelativeFilePath>
      <IsIgnored>false</IsIgnored>
    </FileLog>
    <FileLog>
      <ProjectId>ab4622e6-7a2b-4cab-9b14-a7c7ce404886</ProjectId>
      <CorrelationId>Intent.Dapr.AspNetCore.ServiceInvocation.HttpClient#d1c11bbe-1661-47ac-89b0-163bedeb78a3</CorrelationId>
      <OverwriteBehaviour>always</OverwriteBehaviour>
      <ApplicationRelativeFilePath>../../eShopOnDapr.Ordering/eShopOnDapr.Ordering.Infrastructure/HttpClients/NewServiceProxyHttpClient.cs</ApplicationRelativeFilePath>
      <ProjectRelativeFilePath>NewServiceProxyHttpClient.cs</ProjectRelativeFilePath>
      <IsIgnored>false</IsIgnored>
    </FileLog>
    <FileLog>
      <ProjectId>7fa0b952-c02b-482f-afce-16c64fbde7d4</ProjectId>
      <CorrelationId>Intent.EntityFrameworkCore.DbContext</CorrelationId>
      <OverwriteBehaviour>always</OverwriteBehaviour>
      <ApplicationRelativeFilePath>../../eShopOnDapr.Ordering/eShopOnDapr.Ordering.Infrastructure/Persistence/ApplicationDbContext.cs</ApplicationRelativeFilePath>
      <ProjectRelativeFilePath>ApplicationDbContext.cs</ProjectRelativeFilePath>
      <IsIgnored>false</IsIgnored>
    </FileLog>
    <FileLog>
      <ProjectId>7fa0b952-c02b-482f-afce-16c64fbde7d4</ProjectId>
      <CorrelationId>Intent.EntityFrameworkCore.DbMigrationsReadMe</CorrelationId>
      <OverwriteBehaviour>always</OverwriteBehaviour>
      <ApplicationRelativeFilePath>../../eShopOnDapr.Ordering/eShopOnDapr.Ordering.Infrastructure/Persistence/MIGRATION_README.txt</ApplicationRelativeFilePath>
      <ProjectRelativeFilePath>MIGRATION_README.txt</ProjectRelativeFilePath>
      <IsIgnored>false</IsIgnored>
    </FileLog>
    <FileLog>
      <ProjectId>371f3933-e85f-4f82-85ce-45bf9a36f611</ProjectId>
      <CorrelationId>Intent.EntityFrameworkCore.Repositories.PagedList</CorrelationId>
      <OverwriteBehaviour>always</OverwriteBehaviour>
      <ApplicationRelativeFilePath>../../eShopOnDapr.Ordering/eShopOnDapr.Ordering.Infrastructure/Repositories/PagedList.cs</ApplicationRelativeFilePath>
      <ProjectRelativeFilePath>PagedList.cs</ProjectRelativeFilePath>
      <IsIgnored>false</IsIgnored>
    </FileLog>
    <FileLog>
      <ProjectId>371f3933-e85f-4f82-85ce-45bf9a36f611</ProjectId>
      <CorrelationId>Intent.EntityFrameworkCore.Repositories.RepositoryBase</CorrelationId>
      <OverwriteBehaviour>always</OverwriteBehaviour>
      <ApplicationRelativeFilePath>../../eShopOnDapr.Ordering/eShopOnDapr.Ordering.Infrastructure/Repositories/RepositoryBase.cs</ApplicationRelativeFilePath>
      <ProjectRelativeFilePath>RepositoryBase.cs</ProjectRelativeFilePath>
      <IsIgnored>false</IsIgnored>
    </FileLog>
    <FileLog>
      <ProjectId>5412b978-6a91-4938-ae53-b23311007b71</ProjectId>
      <CorrelationId>Intent.MediatR.DomainEvents.DomainEventService</CorrelationId>
      <OverwriteBehaviour>always</OverwriteBehaviour>
      <ApplicationRelativeFilePath>../../eShopOnDapr.Ordering/eShopOnDapr.Ordering.Infrastructure/Services/DomainEventService.cs</ApplicationRelativeFilePath>
      <ProjectRelativeFilePath>DomainEventService.cs</ProjectRelativeFilePath>
      <IsIgnored>false</IsIgnored>
    </FileLog>
    <FileLog>
      <CorrelationId>Intent.VisualStudio.Projects.VisualStudio2015Solution#ad829de2-b7a6-49c2-9981-55dde5458100</CorrelationId>
      <OverwriteBehaviour>always</OverwriteBehaviour>
      <ApplicationRelativeFilePath>../../eShopOnDapr.Ordering/eShopOnDapr.Ordering.sln</ApplicationRelativeFilePath>
      <IsIgnored>false</IsIgnored>
    </FileLog>
  </FileLogs>
</outputLog>