<?xml version="1.0" encoding="utf-8"?>
<outputLog>
  <ApplicationId>3d4af4d8-a5ce-44e5-b461-87b9bb07d1cd</ApplicationId>
  <FileLogs>
    <FileLog>
      <ProjectId>1b8d6dcf-0dbf-4047-a8d6-271e76067a56</ProjectId>
      <CorrelationId>Intent.VisualStudio.Projects.CoreWeb.AppSettings-Default#1b8d6dcf-0dbf-4047-a8d6-271e76067a56</CorrelationId>
      <OverwriteBehaviour>always</OverwriteBehaviour>
      <ApplicationRelativeFilePath>../../eShopOnDapr.Basket/eShopOnDapr.Basket.Api/appsettings.json</ApplicationRelativeFilePath>
      <ProjectRelativeFilePath>appsettings.json</ProjectRelativeFilePath>
      <IsIgnored>false</IsIgnored>
    </FileLog>
    <FileLog>
      <ProjectId>77386a7f-7378-4e21-814b-91145bd2cb46</ProjectId>
      <CorrelationId>Intent.Security.JWT.ConfigurationJWTAuthentication</CorrelationId>
      <OverwriteBehaviour>always</OverwriteBehaviour>
      <ApplicationRelativeFilePath>../../eShopOnDapr.Basket/eShopOnDapr.Basket.Api/Configuration/JWTAuthenticationConfiguration.cs</ApplicationRelativeFilePath>
      <ProjectRelativeFilePath>JWTAuthenticationConfiguration.cs</ProjectRelativeFilePath>
      <IsIgnored>false</IsIgnored>
    </FileLog>
    <FileLog>
      <ProjectId>77386a7f-7378-4e21-814b-91145bd2cb46</ProjectId>
      <CorrelationId>Intent.AspNetCore.Swashbuckle.SwashbuckleConfiguration</CorrelationId>
      <OverwriteBehaviour>always</OverwriteBehaviour>
      <ApplicationRelativeFilePath>../../eShopOnDapr.Basket/eShopOnDapr.Basket.Api/Configuration/SwashbuckleConfiguration.cs</ApplicationRelativeFilePath>
      <ProjectRelativeFilePath>SwashbuckleConfiguration.cs</ProjectRelativeFilePath>
      <IsIgnored>false</IsIgnored>
    </FileLog>
    <FileLog>
      <ProjectId>a6dfcd53-88fc-4c02-ae5f-be602f7691e1</ProjectId>
      <CorrelationId>Intent.AspNetCore.Controllers.Controller#595b985d-48e4-42b5-a317-f1fbaf36d13a</CorrelationId>
      <OverwriteBehaviour>always</OverwriteBehaviour>
      <ApplicationRelativeFilePath>../../eShopOnDapr.Basket/eShopOnDapr.Basket.Api/Controllers/BasketController.cs</ApplicationRelativeFilePath>
      <ProjectRelativeFilePath>BasketController.cs</ProjectRelativeFilePath>
      <IsIgnored>false</IsIgnored>
    </FileLog>
    <FileLog>
      <ProjectId>a6dfcd53-88fc-4c02-ae5f-be602f7691e1</ProjectId>
      <CorrelationId>Intent.Dapr.AspNetCore.Pubsub.DaprEventHandlerController</CorrelationId>
      <OverwriteBehaviour>always</OverwriteBehaviour>
      <ApplicationRelativeFilePath>../../eShopOnDapr.Basket/eShopOnDapr.Basket.Api/Controllers/DaprEventHandlerController.cs</ApplicationRelativeFilePath>
      <ProjectRelativeFilePath>DaprEventHandlerController.cs</ProjectRelativeFilePath>
      <IsIgnored>false</IsIgnored>
    </FileLog>
    <FileLog>
      <ProjectId>1b8d6dcf-0dbf-4047-a8d6-271e76067a56</ProjectId>
      <CorrelationId>Intent.VisualStudio.Projects.CoreWeb.CSProject#1b8d6dcf-0dbf-4047-a8d6-271e76067a56</CorrelationId>
      <OverwriteBehaviour>always</OverwriteBehaviour>
      <ApplicationRelativeFilePath>../../eShopOnDapr.Basket/eShopOnDapr.Basket.Api/eShopOnDapr.Basket.Api.csproj</ApplicationRelativeFilePath>
      <ProjectRelativeFilePath>eShopOnDapr.Basket.Api.csproj</ProjectRelativeFilePath>
      <IsIgnored>false</IsIgnored>
    </FileLog>
    <FileLog>
      <ProjectId>6693af3b-23c4-45ec-a53c-e1d20878dd52</ProjectId>
      <CorrelationId>Intent.AspNetCore.Swashbuckle.AuthorizeCheckOperationFilter</CorrelationId>
      <OverwriteBehaviour>always</OverwriteBehaviour>
      <ApplicationRelativeFilePath>../../eShopOnDapr.Basket/eShopOnDapr.Basket.Api/Filters/AuthorizeCheckOperationFilter.cs</ApplicationRelativeFilePath>
      <ProjectRelativeFilePath>AuthorizeCheckOperationFilter.cs</ProjectRelativeFilePath>
      <IsIgnored>false</IsIgnored>
    </FileLog>
    <FileLog>
      <ProjectId>1b8d6dcf-0dbf-4047-a8d6-271e76067a56</ProjectId>
      <CorrelationId>Intent.AspNetCore.Program</CorrelationId>
      <OverwriteBehaviour>always</OverwriteBehaviour>
      <ApplicationRelativeFilePath>../../eShopOnDapr.Basket/eShopOnDapr.Basket.Api/Program.cs</ApplicationRelativeFilePath>
      <ProjectRelativeFilePath>Program.cs</ProjectRelativeFilePath>
      <IsIgnored>false</IsIgnored>
    </FileLog>
    <FileLog>
      <ProjectId>1b8d6dcf-0dbf-4047-a8d6-271e76067a56</ProjectId>
      <CorrelationId>Intent.VisualStudio.Projects.CoreWeb.LaunchSettings#1b8d6dcf-0dbf-4047-a8d6-271e76067a56</CorrelationId>
      <OverwriteBehaviour>always</OverwriteBehaviour>
      <ApplicationRelativeFilePath>../../eShopOnDapr.Basket/eShopOnDapr.Basket.Api/Properties/launchsettings.json</ApplicationRelativeFilePath>
      <ProjectRelativeFilePath>Properties/launchsettings.json</ProjectRelativeFilePath>
      <IsIgnored>false</IsIgnored>
    </FileLog>
    <FileLog>
      <ProjectId>30eefa79-a495-4681-bc0b-481c0156ccb9</ProjectId>
      <CorrelationId>Intent.Security.JWT.CurrentUserService</CorrelationId>
      <OverwriteBehaviour>always</OverwriteBehaviour>
      <ApplicationRelativeFilePath>../../eShopOnDapr.Basket/eShopOnDapr.Basket.Api/Services/CurrentUserService.cs</ApplicationRelativeFilePath>
      <ProjectRelativeFilePath>CurrentUserService.cs</ProjectRelativeFilePath>
      <IsIgnored>false</IsIgnored>
    </FileLog>
    <FileLog>
      <ProjectId>1b8d6dcf-0dbf-4047-a8d6-271e76067a56</ProjectId>
      <CorrelationId>Intent.AspNetCore.Startup</CorrelationId>
      <OverwriteBehaviour>always</OverwriteBehaviour>
      <ApplicationRelativeFilePath>../../eShopOnDapr.Basket/eShopOnDapr.Basket.Api/Startup.cs</ApplicationRelativeFilePath>
      <ProjectRelativeFilePath>Startup.cs</ProjectRelativeFilePath>
      <IsIgnored>false</IsIgnored>
    </FileLog>
    <FileLog>
      <ProjectId>fc87378e-5749-4e65-8509-78168dfa76b7</ProjectId>
      <CorrelationId>Intent.Application.Dtos.DtoModel#aac01601-7f93-4777-b905-a3e3ce530016</CorrelationId>
      <OverwriteBehaviour>always</OverwriteBehaviour>
      <ApplicationRelativeFilePath>../../eShopOnDapr.Basket/eShopOnDapr.Basket.Application/BasketCheckout.cs</ApplicationRelativeFilePath>
      <ProjectRelativeFilePath>BasketCheckout.cs</ProjectRelativeFilePath>
      <IsIgnored>false</IsIgnored>
    </FileLog>
    <FileLog>
      <ProjectId>fc87378e-5749-4e65-8509-78168dfa76b7</ProjectId>
      <CorrelationId>Intent.Application.Dtos.DtoModel#7e0b6066-6363-407e-9a8d-851163865f90</CorrelationId>
      <OverwriteBehaviour>always</OverwriteBehaviour>
      <ApplicationRelativeFilePath>../../eShopOnDapr.Basket/eShopOnDapr.Basket.Application/BasketItem.cs</ApplicationRelativeFilePath>
      <ProjectRelativeFilePath>BasketItem.cs</ProjectRelativeFilePath>
      <IsIgnored>false</IsIgnored>
    </FileLog>
    <FileLog>
      <ProjectId>fc87378e-5749-4e65-8509-78168dfa76b7</ProjectId>
      <CorrelationId>Intent.Application.MediatR.CommandModels#bff2fa31-f3cf-4f0f-a1e3-f981f20b1f58</CorrelationId>
      <OverwriteBehaviour>always</OverwriteBehaviour>
      <ApplicationRelativeFilePath>../../eShopOnDapr.Basket/eShopOnDapr.Basket.Application/Checkout/CheckoutCommand.cs</ApplicationRelativeFilePath>
      <ProjectRelativeFilePath>Checkout/CheckoutCommand.cs</ProjectRelativeFilePath>
      <IsIgnored>false</IsIgnored>
    </FileLog>
    <FileLog>
      <ProjectId>fc87378e-5749-4e65-8509-78168dfa76b7</ProjectId>
      <CorrelationId>Intent.Application.MediatR.CommandHandler#bff2fa31-f3cf-4f0f-a1e3-f981f20b1f58</CorrelationId>
      <OverwriteBehaviour>always</OverwriteBehaviour>
      <ApplicationRelativeFilePath>../../eShopOnDapr.Basket/eShopOnDapr.Basket.Application/Checkout/CheckoutCommandHandler.cs</ApplicationRelativeFilePath>
      <ProjectRelativeFilePath>Checkout/CheckoutCommandHandler.cs</ProjectRelativeFilePath>
      <IsIgnored>false</IsIgnored>
    </FileLog>
    <FileLog>
      <ProjectId>fc87378e-5749-4e65-8509-78168dfa76b7</ProjectId>
      <CorrelationId>Intent.Application.MediatR.FluentValidation.CommandValidator#bff2fa31-f3cf-4f0f-a1e3-f981f20b1f58</CorrelationId>
      <OverwriteBehaviour>always</OverwriteBehaviour>
      <ApplicationRelativeFilePath>../../eShopOnDapr.Basket/eShopOnDapr.Basket.Application/Checkout/CheckoutCommandValidator.cs</ApplicationRelativeFilePath>
      <ProjectRelativeFilePath>Checkout/CheckoutCommandValidator.cs</ProjectRelativeFilePath>
      <IsIgnored>false</IsIgnored>
    </FileLog>
    <FileLog>
      <ProjectId>c5d8f864-67fb-4072-9fca-60413e95ea38</ProjectId>
      <CorrelationId>Intent.Application.MediatR.Behaviours.AuthorizationBehaviour</CorrelationId>
      <OverwriteBehaviour>always</OverwriteBehaviour>
      <ApplicationRelativeFilePath>../../eShopOnDapr.Basket/eShopOnDapr.Basket.Application/Common/Behaviours/AuthorizationBehaviour.cs</ApplicationRelativeFilePath>
      <ProjectRelativeFilePath>AuthorizationBehaviour.cs</ProjectRelativeFilePath>
      <IsIgnored>false</IsIgnored>
    </FileLog>
    <FileLog>
      <ProjectId>c5d8f864-67fb-4072-9fca-60413e95ea38</ProjectId>
      <CorrelationId>Intent.Dapr.AspNetCore.Pubsub.EventBusPublishBehaviour</CorrelationId>
      <OverwriteBehaviour>always</OverwriteBehaviour>
      <ApplicationRelativeFilePath>../../eShopOnDapr.Basket/eShopOnDapr.Basket.Application/Common/Behaviours/EventBusPublishBehaviour.cs</ApplicationRelativeFilePath>
      <ProjectRelativeFilePath>EventBusPublishBehaviour.cs</ProjectRelativeFilePath>
      <IsIgnored>false</IsIgnored>
    </FileLog>
    <FileLog>
      <ProjectId>c5d8f864-67fb-4072-9fca-60413e95ea38</ProjectId>
      <CorrelationId>Intent.Application.MediatR.Behaviours.LoggingBehaviour</CorrelationId>
      <OverwriteBehaviour>always</OverwriteBehaviour>
      <ApplicationRelativeFilePath>../../eShopOnDapr.Basket/eShopOnDapr.Basket.Application/Common/Behaviours/LoggingBehaviour.cs</ApplicationRelativeFilePath>
      <ProjectRelativeFilePath>LoggingBehaviour.cs</ProjectRelativeFilePath>
      <IsIgnored>false</IsIgnored>
    </FileLog>
    <FileLog>
      <ProjectId>c5d8f864-67fb-4072-9fca-60413e95ea38</ProjectId>
      <CorrelationId>Intent.Application.MediatR.Behaviours.PerformanceBehaviour</CorrelationId>
      <OverwriteBehaviour>always</OverwriteBehaviour>
      <ApplicationRelativeFilePath>../../eShopOnDapr.Basket/eShopOnDapr.Basket.Application/Common/Behaviours/PerformanceBehaviour.cs</ApplicationRelativeFilePath>
      <ProjectRelativeFilePath>PerformanceBehaviour.cs</ProjectRelativeFilePath>
      <IsIgnored>false</IsIgnored>
    </FileLog>
    <FileLog>
      <ProjectId>c5d8f864-67fb-4072-9fca-60413e95ea38</ProjectId>
      <CorrelationId>Intent.Application.MediatR.Behaviours.UnhandledExceptionBehaviour</CorrelationId>
      <OverwriteBehaviour>always</OverwriteBehaviour>
      <ApplicationRelativeFilePath>../../eShopOnDapr.Basket/eShopOnDapr.Basket.Application/Common/Behaviours/UnhandledExceptionBehaviour.cs</ApplicationRelativeFilePath>
      <ProjectRelativeFilePath>UnhandledExceptionBehaviour.cs</ProjectRelativeFilePath>
      <IsIgnored>false</IsIgnored>
    </FileLog>
    <FileLog>
      <ProjectId>c5d8f864-67fb-4072-9fca-60413e95ea38</ProjectId>
      <CorrelationId>Intent.Application.MediatR.Behaviours.UnitOfWorkBehaviour</CorrelationId>
      <OverwriteBehaviour>always</OverwriteBehaviour>
      <ApplicationRelativeFilePath>../../eShopOnDapr.Basket/eShopOnDapr.Basket.Application/Common/Behaviours/UnitOfWorkBehaviour.cs</ApplicationRelativeFilePath>
      <ProjectRelativeFilePath>UnitOfWorkBehaviour.cs</ProjectRelativeFilePath>
      <IsIgnored>false</IsIgnored>
    </FileLog>
    <FileLog>
      <ProjectId>c5d8f864-67fb-4072-9fca-60413e95ea38</ProjectId>
      <CorrelationId>Intent.Application.MediatR.FluentValidation.ValidationBehaviour</CorrelationId>
      <OverwriteBehaviour>always</OverwriteBehaviour>
      <ApplicationRelativeFilePath>../../eShopOnDapr.Basket/eShopOnDapr.Basket.Application/Common/Behaviours/ValidationBehaviour.cs</ApplicationRelativeFilePath>
      <ProjectRelativeFilePath>ValidationBehaviour.cs</ProjectRelativeFilePath>
      <IsIgnored>false</IsIgnored>
    </FileLog>
    <FileLog>
      <ProjectId>61e68006-036a-4f8e-9bb7-4ca6c2661ce1</ProjectId>
      <CorrelationId>Intent.Dapr.AspNetCore.Pubsub.EventBusImplementation</CorrelationId>
      <OverwriteBehaviour>always</OverwriteBehaviour>
      <ApplicationRelativeFilePath>../../eShopOnDapr.Basket/eShopOnDapr.Basket.Application/Common/Eventing/EventBusImplementation.cs</ApplicationRelativeFilePath>
      <ProjectRelativeFilePath>EventBusImplementation.cs</ProjectRelativeFilePath>
      <IsIgnored>false</IsIgnored>
    </FileLog>
    <FileLog>
      <ProjectId>61e68006-036a-4f8e-9bb7-4ca6c2661ce1</ProjectId>
      <CorrelationId>Intent.Dapr.AspNetCore.Pubsub.EventInterface</CorrelationId>
      <OverwriteBehaviour>always</OverwriteBehaviour>
      <ApplicationRelativeFilePath>../../eShopOnDapr.Basket/eShopOnDapr.Basket.Application/Common/Eventing/IEvent.cs</ApplicationRelativeFilePath>
      <ProjectRelativeFilePath>IEvent.cs</ProjectRelativeFilePath>
      <IsIgnored>false</IsIgnored>
    </FileLog>
    <FileLog>
      <ProjectId>61e68006-036a-4f8e-9bb7-4ca6c2661ce1</ProjectId>
      <CorrelationId>Intent.Dapr.AspNetCore.Pubsub.EventBusInterface</CorrelationId>
      <OverwriteBehaviour>always</OverwriteBehaviour>
      <ApplicationRelativeFilePath>../../eShopOnDapr.Basket/eShopOnDapr.Basket.Application/Common/Eventing/IEventBus.cs</ApplicationRelativeFilePath>
      <ProjectRelativeFilePath>IEventBus.cs</ProjectRelativeFilePath>
      <IsIgnored>false</IsIgnored>
    </FileLog>
    <FileLog>
      <ProjectId>a87e7641-f081-4471-8cb5-fa8ca8bd9508</ProjectId>
      <CorrelationId>Intent.Application.Identity.ForbiddenAccessException</CorrelationId>
      <OverwriteBehaviour>always</OverwriteBehaviour>
      <ApplicationRelativeFilePath>../../eShopOnDapr.Basket/eShopOnDapr.Basket.Application/Common/Exceptions/ForbiddenAccessException.cs</ApplicationRelativeFilePath>
      <ProjectRelativeFilePath>ForbiddenAccessException.cs</ProjectRelativeFilePath>
      <IsIgnored>false</IsIgnored>
    </FileLog>
    <FileLog>
      <ProjectId>a87e7641-f081-4471-8cb5-fa8ca8bd9508</ProjectId>
      <CorrelationId>Intent.Dapr.AspNetCore.ServiceInvocation.HttpClientRequestException</CorrelationId>
      <OverwriteBehaviour>always</OverwriteBehaviour>
      <ApplicationRelativeFilePath>../../eShopOnDapr.Basket/eShopOnDapr.Basket.Application/Common/Exceptions/HttpClientRequestException.cs</ApplicationRelativeFilePath>
      <ProjectRelativeFilePath>HttpClientRequestException.cs</ProjectRelativeFilePath>
      <IsIgnored>false</IsIgnored>
    </FileLog>
    <FileLog>
      <ProjectId>3a4d8e60-0a4e-486a-afe7-672e8075dc67</ProjectId>
      <CorrelationId>Intent.Application.MediatR.CommandInterface</CorrelationId>
      <OverwriteBehaviour>always</OverwriteBehaviour>
      <ApplicationRelativeFilePath>../../eShopOnDapr.Basket/eShopOnDapr.Basket.Application/Common/Interfaces/ICommand.cs</ApplicationRelativeFilePath>
      <ProjectRelativeFilePath>ICommand.cs</ProjectRelativeFilePath>
      <IsIgnored>false</IsIgnored>
    </FileLog>
    <FileLog>
      <ProjectId>3a4d8e60-0a4e-486a-afe7-672e8075dc67</ProjectId>
      <CorrelationId>Intent.Application.Identity.CurrentUserServiceInterface</CorrelationId>
      <OverwriteBehaviour>always</OverwriteBehaviour>
      <ApplicationRelativeFilePath>../../eShopOnDapr.Basket/eShopOnDapr.Basket.Application/Common/Interfaces/ICurrentUserService.cs</ApplicationRelativeFilePath>
      <ProjectRelativeFilePath>ICurrentUserService.cs</ProjectRelativeFilePath>
      <IsIgnored>false</IsIgnored>
    </FileLog>
    <FileLog>
      <ProjectId>3a4d8e60-0a4e-486a-afe7-672e8075dc67</ProjectId>
      <CorrelationId>Intent.DomainEvents.DomainEventServiceInterface</CorrelationId>
      <OverwriteBehaviour>always</OverwriteBehaviour>
      <ApplicationRelativeFilePath>../../eShopOnDapr.Basket/eShopOnDapr.Basket.Application/Common/Interfaces/IDomainEventService.cs</ApplicationRelativeFilePath>
      <ProjectRelativeFilePath>IDomainEventService.cs</ProjectRelativeFilePath>
      <IsIgnored>false</IsIgnored>
    </FileLog>
    <FileLog>
      <ProjectId>3a4d8e60-0a4e-486a-afe7-672e8075dc67</ProjectId>
      <CorrelationId>Intent.Application.MediatR.QueryInterface</CorrelationId>
      <OverwriteBehaviour>always</OverwriteBehaviour>
      <ApplicationRelativeFilePath>../../eShopOnDapr.Basket/eShopOnDapr.Basket.Application/Common/Interfaces/IQuery.cs</ApplicationRelativeFilePath>
      <ProjectRelativeFilePath>IQuery.cs</ProjectRelativeFilePath>
      <IsIgnored>false</IsIgnored>
    </FileLog>
    <FileLog>
      <ProjectId>7361e8dd-01d8-4d56-88bc-11ceae082533</ProjectId>
      <CorrelationId>Intent.Application.AutoMapper.MapFromInterface</CorrelationId>
      <OverwriteBehaviour>always</OverwriteBehaviour>
      <ApplicationRelativeFilePath>../../eShopOnDapr.Basket/eShopOnDapr.Basket.Application/Common/Mappings/IMapFrom.cs</ApplicationRelativeFilePath>
      <ProjectRelativeFilePath>IMapFrom.cs</ProjectRelativeFilePath>
      <IsIgnored>false</IsIgnored>
    </FileLog>
    <FileLog>
      <ProjectId>7361e8dd-01d8-4d56-88bc-11ceae082533</ProjectId>
      <CorrelationId>Intent.Application.AutoMapper.MappingProfile</CorrelationId>
      <OverwriteBehaviour>always</OverwriteBehaviour>
      <ApplicationRelativeFilePath>../../eShopOnDapr.Basket/eShopOnDapr.Basket.Application/Common/Mappings/MappingProfile.cs</ApplicationRelativeFilePath>
      <ProjectRelativeFilePath>MappingProfile.cs</ProjectRelativeFilePath>
      <IsIgnored>false</IsIgnored>
    </FileLog>
    <FileLog>
      <ProjectId>4785b952-d680-445f-9b65-f58a35be1fe9</ProjectId>
      <CorrelationId>Intent.MediatR.DomainEvents.DomainEventNotification</CorrelationId>
      <OverwriteBehaviour>always</OverwriteBehaviour>
      <ApplicationRelativeFilePath>../../eShopOnDapr.Basket/eShopOnDapr.Basket.Application/Common/Models/DomainEventNotification.cs</ApplicationRelativeFilePath>
      <ProjectRelativeFilePath>DomainEventNotification.cs</ProjectRelativeFilePath>
      <IsIgnored>false</IsIgnored>
    </FileLog>
    <FileLog>
      <ProjectId>4785b952-d680-445f-9b65-f58a35be1fe9</ProjectId>
      <CorrelationId>Intent.Application.Identity.ResultModel</CorrelationId>
      <OverwriteBehaviour>always</OverwriteBehaviour>
      <ApplicationRelativeFilePath>../../eShopOnDapr.Basket/eShopOnDapr.Basket.Application/Common/Models/Result.cs</ApplicationRelativeFilePath>
      <ProjectRelativeFilePath>Result.cs</ProjectRelativeFilePath>
      <IsIgnored>false</IsIgnored>
    </FileLog>
    <FileLog>
      <ProjectId>973c9b15-1730-4eff-b5a2-05ded0d8affc</ProjectId>
      <CorrelationId>Intent.Application.Dtos.Pagination.PagedResult</CorrelationId>
      <OverwriteBehaviour>always</OverwriteBehaviour>
      <ApplicationRelativeFilePath>../../eShopOnDapr.Basket/eShopOnDapr.Basket.Application/Common/Pagination/PagedResult.cs</ApplicationRelativeFilePath>
      <ProjectRelativeFilePath>PagedResult.cs</ProjectRelativeFilePath>
      <IsIgnored>false</IsIgnored>
    </FileLog>
    <FileLog>
      <ProjectId>973c9b15-1730-4eff-b5a2-05ded0d8affc</ProjectId>
      <CorrelationId>Intent.Application.Dtos.Pagination.PagedResultMappingExtensions</CorrelationId>
      <OverwriteBehaviour>always</OverwriteBehaviour>
      <ApplicationRelativeFilePath>../../eShopOnDapr.Basket/eShopOnDapr.Basket.Application/Common/Pagination/PagedResultMappingExtensions.cs</ApplicationRelativeFilePath>
      <ProjectRelativeFilePath>PagedResultMappingExtensions.cs</ProjectRelativeFilePath>
      <IsIgnored>false</IsIgnored>
    </FileLog>
    <FileLog>
      <ProjectId>451d69dd-62b9-4bbe-b76e-131437271e94</ProjectId>
      <CorrelationId>Intent.Application.Identity.AuthorizeAttribute</CorrelationId>
      <OverwriteBehaviour>always</OverwriteBehaviour>
      <ApplicationRelativeFilePath>../../eShopOnDapr.Basket/eShopOnDapr.Basket.Application/Common/Security/AuthorizeAttribute.cs</ApplicationRelativeFilePath>
      <ProjectRelativeFilePath>AuthorizeAttribute.cs</ProjectRelativeFilePath>
      <IsIgnored>false</IsIgnored>
    </FileLog>
    <FileLog>
      <ProjectId>fc87378e-5749-4e65-8509-78168dfa76b7</ProjectId>
      <CorrelationId>Intent.Application.Dtos.DtoModel#634dd4c8-e3c6-44e4-9a44-ff1bc858d649</CorrelationId>
      <OverwriteBehaviour>always</OverwriteBehaviour>
      <ApplicationRelativeFilePath>../../eShopOnDapr.Basket/eShopOnDapr.Basket.Application/CustomerBasket.cs</ApplicationRelativeFilePath>
      <ProjectRelativeFilePath>CustomerBasket.cs</ProjectRelativeFilePath>
      <IsIgnored>false</IsIgnored>
    </FileLog>
    <FileLog>
      <ProjectId>fc87378e-5749-4e65-8509-78168dfa76b7</ProjectId>
      <CorrelationId>Intent.Application.MediatR.CommandModels#3c92fc7e-a9a9-456d-99b0-099633de3a75</CorrelationId>
      <OverwriteBehaviour>always</OverwriteBehaviour>
      <ApplicationRelativeFilePath>../../eShopOnDapr.Basket/eShopOnDapr.Basket.Application/DeleteBasket/DeleteBasketCommand.cs</ApplicationRelativeFilePath>
      <ProjectRelativeFilePath>DeleteBasket/DeleteBasketCommand.cs</ProjectRelativeFilePath>
      <IsIgnored>false</IsIgnored>
    </FileLog>
    <FileLog>
      <ProjectId>fc87378e-5749-4e65-8509-78168dfa76b7</ProjectId>
      <CorrelationId>Intent.Application.MediatR.CommandHandler#3c92fc7e-a9a9-456d-99b0-099633de3a75</CorrelationId>
      <OverwriteBehaviour>always</OverwriteBehaviour>
      <ApplicationRelativeFilePath>../../eShopOnDapr.Basket/eShopOnDapr.Basket.Application/DeleteBasket/DeleteBasketCommandHandler.cs</ApplicationRelativeFilePath>
      <ProjectRelativeFilePath>DeleteBasket/DeleteBasketCommandHandler.cs</ProjectRelativeFilePath>
      <IsIgnored>false</IsIgnored>
    </FileLog>
    <FileLog>
      <ProjectId>fc87378e-5749-4e65-8509-78168dfa76b7</ProjectId>
      <CorrelationId>Intent.Application.MediatR.FluentValidation.CommandValidator#3c92fc7e-a9a9-456d-99b0-099633de3a75</CorrelationId>
      <OverwriteBehaviour>always</OverwriteBehaviour>
      <ApplicationRelativeFilePath>../../eShopOnDapr.Basket/eShopOnDapr.Basket.Application/DeleteBasket/DeleteBasketCommandValidator.cs</ApplicationRelativeFilePath>
      <ProjectRelativeFilePath>DeleteBasket/DeleteBasketCommandValidator.cs</ProjectRelativeFilePath>
      <IsIgnored>false</IsIgnored>
    </FileLog>
    <FileLog>
      <ProjectId>fc87378e-5749-4e65-8509-78168dfa76b7</ProjectId>
      <CorrelationId>Intent.Application.DependencyInjection.DependencyInjection</CorrelationId>
      <OverwriteBehaviour>always</OverwriteBehaviour>
      <ApplicationRelativeFilePath>../../eShopOnDapr.Basket/eShopOnDapr.Basket.Application/DependencyInjection.cs</ApplicationRelativeFilePath>
      <ProjectRelativeFilePath>DependencyInjection.cs</ProjectRelativeFilePath>
      <IsIgnored>false</IsIgnored>
    </FileLog>
    <FileLog>
      <ProjectId>fc87378e-5749-4e65-8509-78168dfa76b7</ProjectId>
      <CorrelationId>Intent.VisualStudio.Projects.CoreLibrary.CSProject#fc87378e-5749-4e65-8509-78168dfa76b7</CorrelationId>
      <OverwriteBehaviour>always</OverwriteBehaviour>
      <ApplicationRelativeFilePath>../../eShopOnDapr.Basket/eShopOnDapr.Basket.Application/eShopOnDapr.Basket.Application.csproj</ApplicationRelativeFilePath>
      <ProjectRelativeFilePath>eShopOnDapr.Basket.Application.csproj</ProjectRelativeFilePath>
      <IsIgnored>false</IsIgnored>
    </FileLog>
    <FileLog>
      <ProjectId>fc87378e-5749-4e65-8509-78168dfa76b7</ProjectId>
      <CorrelationId>Intent.Application.MediatR.QueryModels#a6e8e020-e03e-4cc1-8bdf-66bd16176ed3</CorrelationId>
      <OverwriteBehaviour>always</OverwriteBehaviour>
      <ApplicationRelativeFilePath>../../eShopOnDapr.Basket/eShopOnDapr.Basket.Application/GetBasket/GetBasketQuery.cs</ApplicationRelativeFilePath>
      <ProjectRelativeFilePath>GetBasket/GetBasketQuery.cs</ProjectRelativeFilePath>
      <IsIgnored>false</IsIgnored>
    </FileLog>
    <FileLog>
      <ProjectId>fc87378e-5749-4e65-8509-78168dfa76b7</ProjectId>
      <CorrelationId>Intent.Application.MediatR.QueryHandler#a6e8e020-e03e-4cc1-8bdf-66bd16176ed3</CorrelationId>
      <OverwriteBehaviour>always</OverwriteBehaviour>
      <ApplicationRelativeFilePath>../../eShopOnDapr.Basket/eShopOnDapr.Basket.Application/GetBasket/GetBasketQueryHandler.cs</ApplicationRelativeFilePath>
      <ProjectRelativeFilePath>GetBasket/GetBasketQueryHandler.cs</ProjectRelativeFilePath>
      <IsIgnored>false</IsIgnored>
    </FileLog>
    <FileLog>
      <ProjectId>fc87378e-5749-4e65-8509-78168dfa76b7</ProjectId>
      <CorrelationId>Intent.Application.MediatR.FluentValidation.QueryValidator#a6e8e020-e03e-4cc1-8bdf-66bd16176ed3</CorrelationId>
      <OverwriteBehaviour>always</OverwriteBehaviour>
      <ApplicationRelativeFilePath>../../eShopOnDapr.Basket/eShopOnDapr.Basket.Application/GetBasket/GetBasketQueryValidator.cs</ApplicationRelativeFilePath>
      <ProjectRelativeFilePath>GetBasket/GetBasketQueryValidator.cs</ProjectRelativeFilePath>
      <IsIgnored>false</IsIgnored>
    </FileLog>
    <FileLog>
      <ProjectId>fc87378e-5749-4e65-8509-78168dfa76b7</ProjectId>
      <CorrelationId>Intent.Dapr.AspNetCore.Pubsub.EventHandler#4908eaed-238e-45ad-96d4-77ca3154ad9b</CorrelationId>
      <OverwriteBehaviour>always</OverwriteBehaviour>
      <ApplicationRelativeFilePath>../../eShopOnDapr.Basket/eShopOnDapr.Basket.Application/OrderStatusChangedToSubmittedIntegration/OrderStatusChangedToSubmittedIntegrationEventHandler.cs</ApplicationRelativeFilePath>
      <ProjectRelativeFilePath>OrderStatusChangedToSubmittedIntegration/OrderStatusChangedToSubmittedIntegrationEventHandler.cs</ProjectRelativeFilePath>
      <IsIgnored>false</IsIgnored>
    </FileLog>
    <FileLog>
      <ProjectId>fc87378e-5749-4e65-8509-78168dfa76b7</ProjectId>
      <CorrelationId>Intent.Dapr.AspNetCore.Pubsub.Event#4908eaed-238e-45ad-96d4-77ca3154ad9b</CorrelationId>
      <OverwriteBehaviour>always</OverwriteBehaviour>
      <ApplicationRelativeFilePath>../../eShopOnDapr.Basket/eShopOnDapr.Basket.Application/OrderStatusChangedToSubmittedIntegrationEvent.cs</ApplicationRelativeFilePath>
      <ProjectRelativeFilePath>OrderStatusChangedToSubmittedIntegrationEvent.cs</ProjectRelativeFilePath>
      <IsIgnored>false</IsIgnored>
    </FileLog>
    <FileLog>
      <ProjectId>fc87378e-5749-4e65-8509-78168dfa76b7</ProjectId>
      <CorrelationId>Intent.Application.MediatR.CommandModels#5e0de118-6413-48cb-8786-7d7719705ea2</CorrelationId>
      <OverwriteBehaviour>always</OverwriteBehaviour>
      <ApplicationRelativeFilePath>../../eShopOnDapr.Basket/eShopOnDapr.Basket.Application/UpdateBasket/UpdateBasketCommand.cs</ApplicationRelativeFilePath>
      <ProjectRelativeFilePath>UpdateBasket/UpdateBasketCommand.cs</ProjectRelativeFilePath>
      <IsIgnored>false</IsIgnored>
    </FileLog>
    <FileLog>
      <ProjectId>fc87378e-5749-4e65-8509-78168dfa76b7</ProjectId>
      <CorrelationId>Intent.Application.MediatR.CommandHandler#5e0de118-6413-48cb-8786-7d7719705ea2</CorrelationId>
      <OverwriteBehaviour>always</OverwriteBehaviour>
      <ApplicationRelativeFilePath>../../eShopOnDapr.Basket/eShopOnDapr.Basket.Application/UpdateBasket/UpdateBasketCommandHandler.cs</ApplicationRelativeFilePath>
      <ProjectRelativeFilePath>UpdateBasket/UpdateBasketCommandHandler.cs</ProjectRelativeFilePath>
      <IsIgnored>false</IsIgnored>
    </FileLog>
    <FileLog>
      <ProjectId>fc87378e-5749-4e65-8509-78168dfa76b7</ProjectId>
      <CorrelationId>Intent.Application.MediatR.FluentValidation.CommandValidator#5e0de118-6413-48cb-8786-7d7719705ea2</CorrelationId>
      <OverwriteBehaviour>always</OverwriteBehaviour>
      <ApplicationRelativeFilePath>../../eShopOnDapr.Basket/eShopOnDapr.Basket.Application/UpdateBasket/UpdateBasketCommandValidator.cs</ApplicationRelativeFilePath>
      <ProjectRelativeFilePath>UpdateBasket/UpdateBasketCommandValidator.cs</ProjectRelativeFilePath>
      <IsIgnored>false</IsIgnored>
    </FileLog>
    <FileLog>
      <ProjectId>fc87378e-5749-4e65-8509-78168dfa76b7</ProjectId>
      <CorrelationId>Intent.Dapr.AspNetCore.Pubsub.Event#e10e4119-6730-45ba-bedb-bc03f58e6754</CorrelationId>
      <OverwriteBehaviour>always</OverwriteBehaviour>
      <ApplicationRelativeFilePath>../../eShopOnDapr.Basket/eShopOnDapr.Basket.Application/UserCheckoutAcceptedIntegrationEvent.cs</ApplicationRelativeFilePath>
      <ProjectRelativeFilePath>UserCheckoutAcceptedIntegrationEvent.cs</ProjectRelativeFilePath>
      <IsIgnored>false</IsIgnored>
    </FileLog>
    <FileLog>
      <ProjectId>a4de0aef-2a86-4bcb-9c0a-6ecb382c117e</ProjectId>
      <CorrelationId>Intent.Entities.CollectionExtensions</CorrelationId>
      <OverwriteBehaviour>always</OverwriteBehaviour>
      <ApplicationRelativeFilePath>../../eShopOnDapr.Basket/eShopOnDapr.Basket.Domain/Common/CollectionExtensions.cs</ApplicationRelativeFilePath>
      <ProjectRelativeFilePath>CollectionExtensions.cs</ProjectRelativeFilePath>
      <IsIgnored>false</IsIgnored>
    </FileLog>
    <FileLog>
      <ProjectId>a4de0aef-2a86-4bcb-9c0a-6ecb382c117e</ProjectId>
      <CorrelationId>Intent.DomainEvents.DomainEventBase</CorrelationId>
      <OverwriteBehaviour>always</OverwriteBehaviour>
      <ApplicationRelativeFilePath>../../eShopOnDapr.Basket/eShopOnDapr.Basket.Domain/Common/DomainEvent.cs</ApplicationRelativeFilePath>
      <ProjectRelativeFilePath>DomainEvent.cs</ProjectRelativeFilePath>
      <IsIgnored>false</IsIgnored>
    </FileLog>
    <FileLog>
      <ProjectId>a4de0aef-2a86-4bcb-9c0a-6ecb382c117e</ProjectId>
      <CorrelationId>Intent.DomainEvents.HasDomainEventInterface</CorrelationId>
      <OverwriteBehaviour>always</OverwriteBehaviour>
      <ApplicationRelativeFilePath>../../eShopOnDapr.Basket/eShopOnDapr.Basket.Domain/Common/IHasDomainEvent.cs</ApplicationRelativeFilePath>
      <ProjectRelativeFilePath>IHasDomainEvent.cs</ProjectRelativeFilePath>
      <IsIgnored>false</IsIgnored>
    </FileLog>
    <FileLog>
      <ProjectId>0eb80ab1-d774-4238-a868-d44746d66a12</ProjectId>
      <CorrelationId>Intent.Entities.Repositories.Api.UnitOfWorkInterface</CorrelationId>
      <OverwriteBehaviour>always</OverwriteBehaviour>
      <ApplicationRelativeFilePath>../../eShopOnDapr.Basket/eShopOnDapr.Basket.Domain/Common/Interfaces/IUnitOfWork.cs</ApplicationRelativeFilePath>
      <ProjectRelativeFilePath>IUnitOfWork.cs</ProjectRelativeFilePath>
      <IsIgnored>false</IsIgnored>
    </FileLog>
    <FileLog>
      <ProjectId>a4de0aef-2a86-4bcb-9c0a-6ecb382c117e</ProjectId>
      <CorrelationId>Intent.Entities.UpdateHelper</CorrelationId>
      <OverwriteBehaviour>always</OverwriteBehaviour>
      <ApplicationRelativeFilePath>../../eShopOnDapr.Basket/eShopOnDapr.Basket.Domain/Common/UpdateHelper.cs</ApplicationRelativeFilePath>
      <ProjectRelativeFilePath>UpdateHelper.cs</ProjectRelativeFilePath>
      <IsIgnored>false</IsIgnored>
    </FileLog>
    <FileLog>
      <ProjectId>41e317b8-0a08-41a8-87d9-a7c115b0f61a</ProjectId>
      <CorrelationId>Intent.VisualStudio.Projects.CoreLibrary.CSProject#41e317b8-0a08-41a8-87d9-a7c115b0f61a</CorrelationId>
      <OverwriteBehaviour>always</OverwriteBehaviour>
      <ApplicationRelativeFilePath>../../eShopOnDapr.Basket/eShopOnDapr.Basket.Domain/eShopOnDapr.Basket.Domain.csproj</ApplicationRelativeFilePath>
      <ProjectRelativeFilePath>eShopOnDapr.Basket.Domain.csproj</ProjectRelativeFilePath>
      <IsIgnored>false</IsIgnored>
    </FileLog>
    <FileLog>
      <ProjectId>d54a102a-24d0-4857-994f-b2ebf2553926</ProjectId>
      <CorrelationId>Intent.Entities.Repositories.Api.PagedResultInterface</CorrelationId>
      <OverwriteBehaviour>always</OverwriteBehaviour>
      <ApplicationRelativeFilePath>../../eShopOnDapr.Basket/eShopOnDapr.Basket.Domain/Repositories/IPagedResult.cs</ApplicationRelativeFilePath>
      <ProjectRelativeFilePath>IPagedResult.cs</ProjectRelativeFilePath>
      <IsIgnored>false</IsIgnored>
    </FileLog>
    <FileLog>
      <ProjectId>d54a102a-24d0-4857-994f-b2ebf2553926</ProjectId>
      <CorrelationId>Intent.Entities.Repositories.Api.RepositoryInterface</CorrelationId>
      <OverwriteBehaviour>always</OverwriteBehaviour>
      <ApplicationRelativeFilePath>../../eShopOnDapr.Basket/eShopOnDapr.Basket.Domain/Repositories/IRepository.cs</ApplicationRelativeFilePath>
      <ProjectRelativeFilePath>IRepository.cs</ProjectRelativeFilePath>
      <IsIgnored>false</IsIgnored>
    </FileLog>
    <FileLog>
      <ProjectId>cdee96b6-27d4-4d67-9c6e-b65d0f9f758c</ProjectId>
      <CorrelationId>Intent.Infrastructure.DependencyInjection.DependencyInjection</CorrelationId>
      <OverwriteBehaviour>always</OverwriteBehaviour>
      <ApplicationRelativeFilePath>../../eShopOnDapr.Basket/eShopOnDapr.Basket.Infrastructure/DependencyInjection.cs</ApplicationRelativeFilePath>
      <ProjectRelativeFilePath>DependencyInjection.cs</ProjectRelativeFilePath>
      <IsIgnored>false</IsIgnored>
    </FileLog>
    <FileLog>
      <ProjectId>cdee96b6-27d4-4d67-9c6e-b65d0f9f758c</ProjectId>
      <CorrelationId>Intent.VisualStudio.Projects.CoreLibrary.CSProject#cdee96b6-27d4-4d67-9c6e-b65d0f9f758c</CorrelationId>
      <OverwriteBehaviour>always</OverwriteBehaviour>
      <ApplicationRelativeFilePath>../../eShopOnDapr.Basket/eShopOnDapr.Basket.Infrastructure/eShopOnDapr.Basket.Infrastructure.csproj</ApplicationRelativeFilePath>
      <ProjectRelativeFilePath>eShopOnDapr.Basket.Infrastructure.csproj</ProjectRelativeFilePath>
      <IsIgnored>false</IsIgnored>
    </FileLog>
    <FileLog>
      <ProjectId>40172c64-622c-4d45-ba5c-8342106a1e81</ProjectId>
      <CorrelationId>Intent.EntityFrameworkCore.DbContext</CorrelationId>
      <OverwriteBehaviour>always</OverwriteBehaviour>
      <ApplicationRelativeFilePath>../../eShopOnDapr.Basket/eShopOnDapr.Basket.Infrastructure/Persistence/ApplicationDbContext.cs</ApplicationRelativeFilePath>
      <ProjectRelativeFilePath>ApplicationDbContext.cs</ProjectRelativeFilePath>
      <IsIgnored>false</IsIgnored>
    </FileLog>
    <FileLog>
      <ProjectId>40172c64-622c-4d45-ba5c-8342106a1e81</ProjectId>
      <CorrelationId>Intent.EntityFrameworkCore.DbMigrationsReadMe</CorrelationId>
      <OverwriteBehaviour>always</OverwriteBehaviour>
      <ApplicationRelativeFilePath>../../eShopOnDapr.Basket/eShopOnDapr.Basket.Infrastructure/Persistence/MIGRATION_README.txt</ApplicationRelativeFilePath>
      <ProjectRelativeFilePath>MIGRATION_README.txt</ProjectRelativeFilePath>
      <IsIgnored>false</IsIgnored>
    </FileLog>
    <FileLog>
      <ProjectId>db442ffa-1dd6-4369-9179-a766a0f0a21a</ProjectId>
      <CorrelationId>Intent.EntityFrameworkCore.Repositories.PagedList</CorrelationId>
      <OverwriteBehaviour>always</OverwriteBehaviour>
      <ApplicationRelativeFilePath>../../eShopOnDapr.Basket/eShopOnDapr.Basket.Infrastructure/Repositories/PagedList.cs</ApplicationRelativeFilePath>
      <ProjectRelativeFilePath>PagedList.cs</ProjectRelativeFilePath>
      <IsIgnored>false</IsIgnored>
    </FileLog>
    <FileLog>
      <ProjectId>db442ffa-1dd6-4369-9179-a766a0f0a21a</ProjectId>
      <CorrelationId>Intent.EntityFrameworkCore.Repositories.RepositoryBase</CorrelationId>
      <OverwriteBehaviour>always</OverwriteBehaviour>
      <ApplicationRelativeFilePath>../../eShopOnDapr.Basket/eShopOnDapr.Basket.Infrastructure/Repositories/RepositoryBase.cs</ApplicationRelativeFilePath>
      <ProjectRelativeFilePath>RepositoryBase.cs</ProjectRelativeFilePath>
      <IsIgnored>false</IsIgnored>
    </FileLog>
    <FileLog>
      <ProjectId>5e592fcf-653a-46e2-bdd3-276705a05def</ProjectId>
      <CorrelationId>Intent.MediatR.DomainEvents.DomainEventService</CorrelationId>
      <OverwriteBehaviour>always</OverwriteBehaviour>
      <ApplicationRelativeFilePath>../../eShopOnDapr.Basket/eShopOnDapr.Basket.Infrastructure/Services/DomainEventService.cs</ApplicationRelativeFilePath>
      <ProjectRelativeFilePath>DomainEventService.cs</ProjectRelativeFilePath>
      <IsIgnored>false</IsIgnored>
    </FileLog>
    <FileLog>
      <CorrelationId>Intent.VisualStudio.Projects.VisualStudio2015Solution#4f173b98-c44d-4465-a340-7b78e2e3e779</CorrelationId>
      <OverwriteBehaviour>always</OverwriteBehaviour>
      <ApplicationRelativeFilePath>../../eShopOnDapr.Basket/eShopOnDapr.Basket.sln</ApplicationRelativeFilePath>
      <IsIgnored>false</IsIgnored>
    </FileLog>
  </FileLogs>
</outputLog>