<?xml version="1.0" encoding="utf-8"?>
<outputLog>
  <ApplicationId>f6de452a-3d4e-4097-b179-d1dbbab64a6e</ApplicationId>
  <FileLogs>
    <FileLog>
      <ProjectId>9ca8b847-a557-4209-975b-6c8d103f2726</ProjectId>
      <CorrelationId>Intent.VisualStudio.Projects.CoreWeb.AppSettings-Default#9ca8b847-a557-4209-975b-6c8d103f2726</CorrelationId>
      <OverwriteBehaviour>always</OverwriteBehaviour>
      <ApplicationRelativeFilePath>../../eShopOnDapr.Web.HttpAggregator/eShopOnDapr.Web.HttpAggregator.Api/appsettings.json</ApplicationRelativeFilePath>
      <ProjectRelativeFilePath>appsettings.json</ProjectRelativeFilePath>
      <IsIgnored>false</IsIgnored>
    </FileLog>
    <FileLog>
      <ProjectId>8ab05166-6e11-4a50-a3e0-b8f6f17e7db2</ProjectId>
      <CorrelationId>Intent.Dapr.AspNetCore.DaprConfiguration</CorrelationId>
      <OverwriteBehaviour>always</OverwriteBehaviour>
      <ApplicationRelativeFilePath>../../eShopOnDapr.Web.HttpAggregator/eShopOnDapr.Web.HttpAggregator.Api/Configuration/DaprConfiguration.cs</ApplicationRelativeFilePath>
      <ProjectRelativeFilePath>DaprConfiguration.cs</ProjectRelativeFilePath>
      <IsIgnored>false</IsIgnored>
    </FileLog>
    <FileLog>
      <ProjectId>8ab05166-6e11-4a50-a3e0-b8f6f17e7db2</ProjectId>
      <CorrelationId>Intent.Security.JWT.ConfigurationJWTAuthentication</CorrelationId>
      <OverwriteBehaviour>always</OverwriteBehaviour>
      <ApplicationRelativeFilePath>../../eShopOnDapr.Web.HttpAggregator/eShopOnDapr.Web.HttpAggregator.Api/Configuration/JWTAuthenticationConfiguration.cs</ApplicationRelativeFilePath>
      <ProjectRelativeFilePath>JWTAuthenticationConfiguration.cs</ProjectRelativeFilePath>
      <IsIgnored>false</IsIgnored>
    </FileLog>
    <FileLog>
      <ProjectId>8ab05166-6e11-4a50-a3e0-b8f6f17e7db2</ProjectId>
      <CorrelationId>Intent.AspNetCore.Swashbuckle.SwashbuckleConfiguration</CorrelationId>
      <OverwriteBehaviour>always</OverwriteBehaviour>
      <ApplicationRelativeFilePath>../../eShopOnDapr.Web.HttpAggregator/eShopOnDapr.Web.HttpAggregator.Api/Configuration/SwashbuckleConfiguration.cs</ApplicationRelativeFilePath>
      <ProjectRelativeFilePath>SwashbuckleConfiguration.cs</ProjectRelativeFilePath>
      <IsIgnored>false</IsIgnored>
    </FileLog>
    <FileLog>
      <ProjectId>be89f0c1-4968-4b69-8e91-10d52eed0763</ProjectId>
      <CorrelationId>Intent.AspNetCore.Controllers.Controller#04a13d50-f922-4bf0-9eb3-76b969380358</CorrelationId>
      <OverwriteBehaviour>always</OverwriteBehaviour>
      <ApplicationRelativeFilePath>../../eShopOnDapr.Web.HttpAggregator/eShopOnDapr.Web.HttpAggregator.Api/Controllers/BasketController.cs</ApplicationRelativeFilePath>
      <ProjectRelativeFilePath>BasketController.cs</ProjectRelativeFilePath>
      <IsIgnored>false</IsIgnored>
    </FileLog>
    <FileLog>
      <ProjectId>9ca8b847-a557-4209-975b-6c8d103f2726</ProjectId>
      <CorrelationId>Intent.VisualStudio.Projects.CoreWeb.CSProject#9ca8b847-a557-4209-975b-6c8d103f2726</CorrelationId>
      <OverwriteBehaviour>always</OverwriteBehaviour>
      <ApplicationRelativeFilePath>../../eShopOnDapr.Web.HttpAggregator/eShopOnDapr.Web.HttpAggregator.Api/eShopOnDapr.Web.HttpAggregator.Api.csproj</ApplicationRelativeFilePath>
      <ProjectRelativeFilePath>eShopOnDapr.Web.HttpAggregator.Api.csproj</ProjectRelativeFilePath>
      <IsIgnored>false</IsIgnored>
    </FileLog>
    <FileLog>
      <ProjectId>b4082a70-4767-48f2-801b-124224d565c0</ProjectId>
      <CorrelationId>Intent.AspNetCore.Swashbuckle.AuthorizeCheckOperationFilter</CorrelationId>
      <OverwriteBehaviour>always</OverwriteBehaviour>
      <ApplicationRelativeFilePath>../../eShopOnDapr.Web.HttpAggregator/eShopOnDapr.Web.HttpAggregator.Api/Filters/AuthorizeCheckOperationFilter.cs</ApplicationRelativeFilePath>
      <ProjectRelativeFilePath>AuthorizeCheckOperationFilter.cs</ProjectRelativeFilePath>
      <IsIgnored>false</IsIgnored>
    </FileLog>
    <FileLog>
      <ProjectId>9ca8b847-a557-4209-975b-6c8d103f2726</ProjectId>
      <CorrelationId>Intent.AspNetCore.Program</CorrelationId>
      <OverwriteBehaviour>always</OverwriteBehaviour>
      <ApplicationRelativeFilePath>../../eShopOnDapr.Web.HttpAggregator/eShopOnDapr.Web.HttpAggregator.Api/Program.cs</ApplicationRelativeFilePath>
      <ProjectRelativeFilePath>Program.cs</ProjectRelativeFilePath>
      <IsIgnored>false</IsIgnored>
    </FileLog>
    <FileLog>
      <ProjectId>9ca8b847-a557-4209-975b-6c8d103f2726</ProjectId>
      <CorrelationId>Intent.VisualStudio.Projects.CoreWeb.LaunchSettings#9ca8b847-a557-4209-975b-6c8d103f2726</CorrelationId>
      <OverwriteBehaviour>always</OverwriteBehaviour>
      <ApplicationRelativeFilePath>../../eShopOnDapr.Web.HttpAggregator/eShopOnDapr.Web.HttpAggregator.Api/Properties/launchsettings.json</ApplicationRelativeFilePath>
      <ProjectRelativeFilePath>Properties/launchsettings.json</ProjectRelativeFilePath>
      <IsIgnored>false</IsIgnored>
    </FileLog>
    <FileLog>
      <ProjectId>fe5bbdbc-6f8b-44f6-b381-7f9bc1c033b8</ProjectId>
      <CorrelationId>Intent.Security.JWT.CurrentUserService</CorrelationId>
      <OverwriteBehaviour>always</OverwriteBehaviour>
      <ApplicationRelativeFilePath>../../eShopOnDapr.Web.HttpAggregator/eShopOnDapr.Web.HttpAggregator.Api/Services/CurrentUserService.cs</ApplicationRelativeFilePath>
      <ProjectRelativeFilePath>CurrentUserService.cs</ProjectRelativeFilePath>
      <IsIgnored>false</IsIgnored>
    </FileLog>
    <FileLog>
      <ProjectId>9ca8b847-a557-4209-975b-6c8d103f2726</ProjectId>
      <CorrelationId>Intent.AspNetCore.Startup</CorrelationId>
      <OverwriteBehaviour>always</OverwriteBehaviour>
      <ApplicationRelativeFilePath>../../eShopOnDapr.Web.HttpAggregator/eShopOnDapr.Web.HttpAggregator.Api/Startup.cs</ApplicationRelativeFilePath>
      <ProjectRelativeFilePath>Startup.cs</ProjectRelativeFilePath>
      <IsIgnored>false</IsIgnored>
    </FileLog>
    <FileLog>
      <ProjectId>67c81a2c-6bb8-4d18-9885-a4597fb9f258</ProjectId>
      <CorrelationId>Intent.Application.Dtos.DtoModel#0abeb242-e83e-4e89-9c39-2b29a5c2067b</CorrelationId>
      <OverwriteBehaviour>always</OverwriteBehaviour>
      <ApplicationRelativeFilePath>../../eShopOnDapr.Web.HttpAggregator/eShopOnDapr.Web.HttpAggregator.Application/BasketData.cs</ApplicationRelativeFilePath>
      <ProjectRelativeFilePath>BasketData.cs</ProjectRelativeFilePath>
      <IsIgnored>false</IsIgnored>
    </FileLog>
    <FileLog>
      <ProjectId>67c81a2c-6bb8-4d18-9885-a4597fb9f258</ProjectId>
      <CorrelationId>Intent.Application.Dtos.DtoModel#e90ad9c7-f621-4386-956a-e4b9fdbcb0e6</CorrelationId>
      <OverwriteBehaviour>always</OverwriteBehaviour>
      <ApplicationRelativeFilePath>../../eShopOnDapr.Web.HttpAggregator/eShopOnDapr.Web.HttpAggregator.Application/BasketDataItem.cs</ApplicationRelativeFilePath>
      <ProjectRelativeFilePath>BasketDataItem.cs</ProjectRelativeFilePath>
      <IsIgnored>false</IsIgnored>
    </FileLog>
    <FileLog>
      <ProjectId>67c81a2c-6bb8-4d18-9885-a4597fb9f258</ProjectId>
      <CorrelationId>Intent.Application.Contracts.Clients.DtoContract#aac01601-7f93-4777-b905-a3e3ce530016</CorrelationId>
      <OverwriteBehaviour>always</OverwriteBehaviour>
      <ApplicationRelativeFilePath>../../eShopOnDapr.Web.HttpAggregator/eShopOnDapr.Web.HttpAggregator.Application/BasketService/BasketCheckout.cs</ApplicationRelativeFilePath>
      <ProjectRelativeFilePath>BasketService/BasketCheckout.cs</ProjectRelativeFilePath>
      <IsIgnored>false</IsIgnored>
    </FileLog>
    <FileLog>
      <ProjectId>67c81a2c-6bb8-4d18-9885-a4597fb9f258</ProjectId>
      <CorrelationId>Intent.Application.Contracts.Clients.DtoContract#7e0b6066-6363-407e-9a8d-851163865f90</CorrelationId>
      <OverwriteBehaviour>always</OverwriteBehaviour>
      <ApplicationRelativeFilePath>../../eShopOnDapr.Web.HttpAggregator/eShopOnDapr.Web.HttpAggregator.Application/BasketService/BasketItem.cs</ApplicationRelativeFilePath>
      <ProjectRelativeFilePath>BasketService/BasketItem.cs</ProjectRelativeFilePath>
      <IsIgnored>false</IsIgnored>
    </FileLog>
    <FileLog>
      <ProjectId>67c81a2c-6bb8-4d18-9885-a4597fb9f258</ProjectId>
      <CorrelationId>Intent.Application.Contracts.Clients.DtoContract#634dd4c8-e3c6-44e4-9a44-ff1bc858d649</CorrelationId>
      <OverwriteBehaviour>always</OverwriteBehaviour>
      <ApplicationRelativeFilePath>../../eShopOnDapr.Web.HttpAggregator/eShopOnDapr.Web.HttpAggregator.Application/BasketService/CustomerBasket.cs</ApplicationRelativeFilePath>
      <ProjectRelativeFilePath>BasketService/CustomerBasket.cs</ProjectRelativeFilePath>
      <IsIgnored>false</IsIgnored>
    </FileLog>
    <FileLog>
      <ProjectId>67c81a2c-6bb8-4d18-9885-a4597fb9f258</ProjectId>
      <CorrelationId>Intent.Application.Contracts.Clients.ServiceContract#3d1cf4e9-5588-4cea-b45e-0768d4687ecc</CorrelationId>
      <OverwriteBehaviour>always</OverwriteBehaviour>
      <ApplicationRelativeFilePath>../../eShopOnDapr.Web.HttpAggregator/eShopOnDapr.Web.HttpAggregator.Application/BasketService/IBasketClient.cs</ApplicationRelativeFilePath>
      <ProjectRelativeFilePath>BasketService/IBasketClient.cs</ProjectRelativeFilePath>
      <IsIgnored>false</IsIgnored>
    </FileLog>
    <FileLog>
      <ProjectId>5ef1b177-a8ac-4195-8dee-4cbad84272fe</ProjectId>
      <CorrelationId>Intent.Application.MediatR.Behaviours.AuthorizationBehaviour</CorrelationId>
      <OverwriteBehaviour>always</OverwriteBehaviour>
      <ApplicationRelativeFilePath>../../eShopOnDapr.Web.HttpAggregator/eShopOnDapr.Web.HttpAggregator.Application/Common/Behaviours/AuthorizationBehaviour.cs</ApplicationRelativeFilePath>
      <ProjectRelativeFilePath>AuthorizationBehaviour.cs</ProjectRelativeFilePath>
      <IsIgnored>false</IsIgnored>
    </FileLog>
    <FileLog>
      <ProjectId>5ef1b177-a8ac-4195-8dee-4cbad84272fe</ProjectId>
      <CorrelationId>Intent.Application.MediatR.Behaviours.LoggingBehaviour</CorrelationId>
      <OverwriteBehaviour>always</OverwriteBehaviour>
      <ApplicationRelativeFilePath>../../eShopOnDapr.Web.HttpAggregator/eShopOnDapr.Web.HttpAggregator.Application/Common/Behaviours/LoggingBehaviour.cs</ApplicationRelativeFilePath>
      <ProjectRelativeFilePath>LoggingBehaviour.cs</ProjectRelativeFilePath>
      <IsIgnored>false</IsIgnored>
    </FileLog>
    <FileLog>
      <ProjectId>5ef1b177-a8ac-4195-8dee-4cbad84272fe</ProjectId>
      <CorrelationId>Intent.Application.MediatR.Behaviours.PerformanceBehaviour</CorrelationId>
      <OverwriteBehaviour>always</OverwriteBehaviour>
      <ApplicationRelativeFilePath>../../eShopOnDapr.Web.HttpAggregator/eShopOnDapr.Web.HttpAggregator.Application/Common/Behaviours/PerformanceBehaviour.cs</ApplicationRelativeFilePath>
      <ProjectRelativeFilePath>PerformanceBehaviour.cs</ProjectRelativeFilePath>
      <IsIgnored>false</IsIgnored>
    </FileLog>
    <FileLog>
      <ProjectId>5ef1b177-a8ac-4195-8dee-4cbad84272fe</ProjectId>
      <CorrelationId>Intent.Application.MediatR.Behaviours.UnhandledExceptionBehaviour</CorrelationId>
      <OverwriteBehaviour>always</OverwriteBehaviour>
      <ApplicationRelativeFilePath>../../eShopOnDapr.Web.HttpAggregator/eShopOnDapr.Web.HttpAggregator.Application/Common/Behaviours/UnhandledExceptionBehaviour.cs</ApplicationRelativeFilePath>
      <ProjectRelativeFilePath>UnhandledExceptionBehaviour.cs</ProjectRelativeFilePath>
      <IsIgnored>false</IsIgnored>
    </FileLog>
    <FileLog>
      <ProjectId>5ef1b177-a8ac-4195-8dee-4cbad84272fe</ProjectId>
      <CorrelationId>Intent.Application.MediatR.Behaviours.UnitOfWorkBehaviour</CorrelationId>
      <OverwriteBehaviour>always</OverwriteBehaviour>
      <ApplicationRelativeFilePath>../../eShopOnDapr.Web.HttpAggregator/eShopOnDapr.Web.HttpAggregator.Application/Common/Behaviours/UnitOfWorkBehaviour.cs</ApplicationRelativeFilePath>
      <ProjectRelativeFilePath>UnitOfWorkBehaviour.cs</ProjectRelativeFilePath>
      <IsIgnored>false</IsIgnored>
    </FileLog>
    <FileLog>
      <ProjectId>5ef1b177-a8ac-4195-8dee-4cbad84272fe</ProjectId>
      <CorrelationId>Intent.Application.MediatR.FluentValidation.ValidationBehaviour</CorrelationId>
      <OverwriteBehaviour>always</OverwriteBehaviour>
      <ApplicationRelativeFilePath>../../eShopOnDapr.Web.HttpAggregator/eShopOnDapr.Web.HttpAggregator.Application/Common/Behaviours/ValidationBehaviour.cs</ApplicationRelativeFilePath>
      <ProjectRelativeFilePath>ValidationBehaviour.cs</ProjectRelativeFilePath>
      <IsIgnored>false</IsIgnored>
    </FileLog>
    <FileLog>
      <ProjectId>d8643c99-8769-43b8-8e70-8221d364db79</ProjectId>
      <CorrelationId>Intent.Application.Identity.ForbiddenAccessException</CorrelationId>
      <OverwriteBehaviour>always</OverwriteBehaviour>
      <ApplicationRelativeFilePath>../../eShopOnDapr.Web.HttpAggregator/eShopOnDapr.Web.HttpAggregator.Application/Common/Exceptions/ForbiddenAccessException.cs</ApplicationRelativeFilePath>
      <ProjectRelativeFilePath>ForbiddenAccessException.cs</ProjectRelativeFilePath>
      <IsIgnored>false</IsIgnored>
    </FileLog>
    <FileLog>
      <ProjectId>d8643c99-8769-43b8-8e70-8221d364db79</ProjectId>
      <CorrelationId>Intent.Dapr.AspNetCore.ServiceInvocation.HttpClientRequestException</CorrelationId>
      <OverwriteBehaviour>always</OverwriteBehaviour>
      <ApplicationRelativeFilePath>../../eShopOnDapr.Web.HttpAggregator/eShopOnDapr.Web.HttpAggregator.Application/Common/Exceptions/HttpClientRequestException.cs</ApplicationRelativeFilePath>
      <ProjectRelativeFilePath>HttpClientRequestException.cs</ProjectRelativeFilePath>
      <IsIgnored>false</IsIgnored>
    </FileLog>
    <FileLog>
      <ProjectId>9bf2aedf-112b-4de4-a1d7-c682aab4aff6</ProjectId>
      <CorrelationId>Intent.Application.MediatR.CommandInterface</CorrelationId>
      <OverwriteBehaviour>always</OverwriteBehaviour>
      <ApplicationRelativeFilePath>../../eShopOnDapr.Web.HttpAggregator/eShopOnDapr.Web.HttpAggregator.Application/Common/Interfaces/ICommand.cs</ApplicationRelativeFilePath>
      <ProjectRelativeFilePath>ICommand.cs</ProjectRelativeFilePath>
      <IsIgnored>false</IsIgnored>
    </FileLog>
    <FileLog>
      <ProjectId>9bf2aedf-112b-4de4-a1d7-c682aab4aff6</ProjectId>
      <CorrelationId>Intent.Application.Identity.CurrentUserServiceInterface</CorrelationId>
      <OverwriteBehaviour>always</OverwriteBehaviour>
      <ApplicationRelativeFilePath>../../eShopOnDapr.Web.HttpAggregator/eShopOnDapr.Web.HttpAggregator.Application/Common/Interfaces/ICurrentUserService.cs</ApplicationRelativeFilePath>
      <ProjectRelativeFilePath>ICurrentUserService.cs</ProjectRelativeFilePath>
      <IsIgnored>false</IsIgnored>
    </FileLog>
    <FileLog>
      <ProjectId>9bf2aedf-112b-4de4-a1d7-c682aab4aff6</ProjectId>
      <CorrelationId>Intent.DomainEvents.DomainEventServiceInterface</CorrelationId>
      <OverwriteBehaviour>always</OverwriteBehaviour>
      <ApplicationRelativeFilePath>../../eShopOnDapr.Web.HttpAggregator/eShopOnDapr.Web.HttpAggregator.Application/Common/Interfaces/IDomainEventService.cs</ApplicationRelativeFilePath>
      <ProjectRelativeFilePath>IDomainEventService.cs</ProjectRelativeFilePath>
      <IsIgnored>false</IsIgnored>
    </FileLog>
    <FileLog>
      <ProjectId>9bf2aedf-112b-4de4-a1d7-c682aab4aff6</ProjectId>
      <CorrelationId>Intent.Application.MediatR.QueryInterface</CorrelationId>
      <OverwriteBehaviour>always</OverwriteBehaviour>
      <ApplicationRelativeFilePath>../../eShopOnDapr.Web.HttpAggregator/eShopOnDapr.Web.HttpAggregator.Application/Common/Interfaces/IQuery.cs</ApplicationRelativeFilePath>
      <ProjectRelativeFilePath>IQuery.cs</ProjectRelativeFilePath>
      <IsIgnored>false</IsIgnored>
    </FileLog>
    <FileLog>
      <ProjectId>943241b3-4143-4e16-a3f5-86133bd7e09c</ProjectId>
      <CorrelationId>Intent.Application.AutoMapper.MapFromInterface</CorrelationId>
      <OverwriteBehaviour>always</OverwriteBehaviour>
      <ApplicationRelativeFilePath>../../eShopOnDapr.Web.HttpAggregator/eShopOnDapr.Web.HttpAggregator.Application/Common/Mappings/IMapFrom.cs</ApplicationRelativeFilePath>
      <ProjectRelativeFilePath>IMapFrom.cs</ProjectRelativeFilePath>
      <IsIgnored>false</IsIgnored>
    </FileLog>
    <FileLog>
      <ProjectId>943241b3-4143-4e16-a3f5-86133bd7e09c</ProjectId>
      <CorrelationId>Intent.Application.AutoMapper.MappingProfile</CorrelationId>
      <OverwriteBehaviour>always</OverwriteBehaviour>
      <ApplicationRelativeFilePath>../../eShopOnDapr.Web.HttpAggregator/eShopOnDapr.Web.HttpAggregator.Application/Common/Mappings/MappingProfile.cs</ApplicationRelativeFilePath>
      <ProjectRelativeFilePath>MappingProfile.cs</ProjectRelativeFilePath>
      <IsIgnored>false</IsIgnored>
    </FileLog>
    <FileLog>
      <ProjectId>c50c2ae2-4181-4a08-9ff4-cf1f5795edc7</ProjectId>
      <CorrelationId>Intent.MediatR.DomainEvents.DomainEventNotification</CorrelationId>
      <OverwriteBehaviour>always</OverwriteBehaviour>
      <ApplicationRelativeFilePath>../../eShopOnDapr.Web.HttpAggregator/eShopOnDapr.Web.HttpAggregator.Application/Common/Models/DomainEventNotification.cs</ApplicationRelativeFilePath>
      <ProjectRelativeFilePath>DomainEventNotification.cs</ProjectRelativeFilePath>
      <IsIgnored>false</IsIgnored>
    </FileLog>
    <FileLog>
      <ProjectId>c50c2ae2-4181-4a08-9ff4-cf1f5795edc7</ProjectId>
      <CorrelationId>Intent.Application.Identity.ResultModel</CorrelationId>
      <OverwriteBehaviour>always</OverwriteBehaviour>
      <ApplicationRelativeFilePath>../../eShopOnDapr.Web.HttpAggregator/eShopOnDapr.Web.HttpAggregator.Application/Common/Models/Result.cs</ApplicationRelativeFilePath>
      <ProjectRelativeFilePath>Result.cs</ProjectRelativeFilePath>
      <IsIgnored>false</IsIgnored>
    </FileLog>
    <FileLog>
      <ProjectId>e45ec918-52de-4ad1-81c5-d8aa2b7957d5</ProjectId>
      <CorrelationId>Intent.Application.Dtos.Pagination.PagedResult</CorrelationId>
      <OverwriteBehaviour>always</OverwriteBehaviour>
      <ApplicationRelativeFilePath>../../eShopOnDapr.Web.HttpAggregator/eShopOnDapr.Web.HttpAggregator.Application/Common/Pagination/PagedResult.cs</ApplicationRelativeFilePath>
      <ProjectRelativeFilePath>PagedResult.cs</ProjectRelativeFilePath>
      <IsIgnored>false</IsIgnored>
    </FileLog>
    <FileLog>
      <ProjectId>e45ec918-52de-4ad1-81c5-d8aa2b7957d5</ProjectId>
      <CorrelationId>Intent.Application.Dtos.Pagination.PagedResultMappingExtensions</CorrelationId>
      <OverwriteBehaviour>always</OverwriteBehaviour>
      <ApplicationRelativeFilePath>../../eShopOnDapr.Web.HttpAggregator/eShopOnDapr.Web.HttpAggregator.Application/Common/Pagination/PagedResultMappingExtensions.cs</ApplicationRelativeFilePath>
      <ProjectRelativeFilePath>PagedResultMappingExtensions.cs</ProjectRelativeFilePath>
      <IsIgnored>false</IsIgnored>
    </FileLog>
    <FileLog>
      <ProjectId>07b7f1b2-cac7-4458-a59b-ab49038d98d3</ProjectId>
      <CorrelationId>Intent.Application.Identity.AuthorizeAttribute</CorrelationId>
      <OverwriteBehaviour>always</OverwriteBehaviour>
      <ApplicationRelativeFilePath>../../eShopOnDapr.Web.HttpAggregator/eShopOnDapr.Web.HttpAggregator.Application/Common/Security/AuthorizeAttribute.cs</ApplicationRelativeFilePath>
      <ProjectRelativeFilePath>AuthorizeAttribute.cs</ProjectRelativeFilePath>
      <IsIgnored>false</IsIgnored>
    </FileLog>
    <FileLog>
      <ProjectId>67c81a2c-6bb8-4d18-9885-a4597fb9f258</ProjectId>
      <CorrelationId>Intent.Application.DependencyInjection.DependencyInjection</CorrelationId>
      <OverwriteBehaviour>always</OverwriteBehaviour>
      <ApplicationRelativeFilePath>../../eShopOnDapr.Web.HttpAggregator/eShopOnDapr.Web.HttpAggregator.Application/DependencyInjection.cs</ApplicationRelativeFilePath>
      <ProjectRelativeFilePath>DependencyInjection.cs</ProjectRelativeFilePath>
      <IsIgnored>false</IsIgnored>
    </FileLog>
    <FileLog>
      <ProjectId>67c81a2c-6bb8-4d18-9885-a4597fb9f258</ProjectId>
      <CorrelationId>Intent.VisualStudio.Projects.CoreLibrary.CSProject#67c81a2c-6bb8-4d18-9885-a4597fb9f258</CorrelationId>
      <OverwriteBehaviour>always</OverwriteBehaviour>
      <ApplicationRelativeFilePath>../../eShopOnDapr.Web.HttpAggregator/eShopOnDapr.Web.HttpAggregator.Application/eShopOnDapr.Web.HttpAggregator.Application.csproj</ApplicationRelativeFilePath>
      <ProjectRelativeFilePath>eShopOnDapr.Web.HttpAggregator.Application.csproj</ProjectRelativeFilePath>
      <IsIgnored>false</IsIgnored>
    </FileLog>
    <FileLog>
      <ProjectId>67c81a2c-6bb8-4d18-9885-a4597fb9f258</ProjectId>
      <CorrelationId>Intent.Application.MediatR.CommandModels#faa85e99-cc9c-40b6-a76e-d38c47d254b1</CorrelationId>
      <OverwriteBehaviour>always</OverwriteBehaviour>
      <ApplicationRelativeFilePath>../../eShopOnDapr.Web.HttpAggregator/eShopOnDapr.Web.HttpAggregator.Application/UpdateAll/UpdateAllCommand.cs</ApplicationRelativeFilePath>
      <ProjectRelativeFilePath>UpdateAll/UpdateAllCommand.cs</ProjectRelativeFilePath>
      <IsIgnored>false</IsIgnored>
    </FileLog>
    <FileLog>
      <ProjectId>67c81a2c-6bb8-4d18-9885-a4597fb9f258</ProjectId>
      <CorrelationId>Intent.Application.MediatR.CommandHandler#faa85e99-cc9c-40b6-a76e-d38c47d254b1</CorrelationId>
      <OverwriteBehaviour>always</OverwriteBehaviour>
      <ApplicationRelativeFilePath>../../eShopOnDapr.Web.HttpAggregator/eShopOnDapr.Web.HttpAggregator.Application/UpdateAll/UpdateAllCommandHandler.cs</ApplicationRelativeFilePath>
      <ProjectRelativeFilePath>UpdateAll/UpdateAllCommandHandler.cs</ProjectRelativeFilePath>
      <IsIgnored>false</IsIgnored>
    </FileLog>
    <FileLog>
      <ProjectId>67c81a2c-6bb8-4d18-9885-a4597fb9f258</ProjectId>
      <CorrelationId>Intent.Application.MediatR.FluentValidation.CommandValidator#faa85e99-cc9c-40b6-a76e-d38c47d254b1</CorrelationId>
      <OverwriteBehaviour>always</OverwriteBehaviour>
      <ApplicationRelativeFilePath>../../eShopOnDapr.Web.HttpAggregator/eShopOnDapr.Web.HttpAggregator.Application/UpdateAll/UpdateAllCommandValidator.cs</ApplicationRelativeFilePath>
      <ProjectRelativeFilePath>UpdateAll/UpdateAllCommandValidator.cs</ProjectRelativeFilePath>
      <IsIgnored>false</IsIgnored>
    </FileLog>
    <FileLog>
      <ProjectId>67c81a2c-6bb8-4d18-9885-a4597fb9f258</ProjectId>
      <CorrelationId>Intent.Application.Dtos.DtoModel#fb29fdf7-27ed-498d-99e8-ab2b54fc79dc</CorrelationId>
      <OverwriteBehaviour>always</OverwriteBehaviour>
      <ApplicationRelativeFilePath>../../eShopOnDapr.Web.HttpAggregator/eShopOnDapr.Web.HttpAggregator.Application/UpdateBasketRequest.cs</ApplicationRelativeFilePath>
      <ProjectRelativeFilePath>UpdateBasketRequest.cs</ProjectRelativeFilePath>
      <IsIgnored>false</IsIgnored>
    </FileLog>
    <FileLog>
      <ProjectId>67c81a2c-6bb8-4d18-9885-a4597fb9f258</ProjectId>
      <CorrelationId>Intent.Application.Dtos.DtoModel#7af5c083-1f1f-4fc3-be31-833b2c99d311</CorrelationId>
      <OverwriteBehaviour>always</OverwriteBehaviour>
      <ApplicationRelativeFilePath>../../eShopOnDapr.Web.HttpAggregator/eShopOnDapr.Web.HttpAggregator.Application/UpdateBasketRequestItemData.cs</ApplicationRelativeFilePath>
      <ProjectRelativeFilePath>UpdateBasketRequestItemData.cs</ProjectRelativeFilePath>
      <IsIgnored>false</IsIgnored>
    </FileLog>
    <FileLog>
      <ProjectId>0b3d8be4-4449-4a8e-bfd3-4d65dfad0dfe</ProjectId>
      <CorrelationId>Intent.Entities.CollectionExtensions</CorrelationId>
      <OverwriteBehaviour>always</OverwriteBehaviour>
      <ApplicationRelativeFilePath>../../eShopOnDapr.Web.HttpAggregator/eShopOnDapr.Web.HttpAggregator.Domain/Common/CollectionExtensions.cs</ApplicationRelativeFilePath>
      <ProjectRelativeFilePath>CollectionExtensions.cs</ProjectRelativeFilePath>
      <IsIgnored>false</IsIgnored>
    </FileLog>
    <FileLog>
      <ProjectId>0b3d8be4-4449-4a8e-bfd3-4d65dfad0dfe</ProjectId>
      <CorrelationId>Intent.DomainEvents.DomainEventBase</CorrelationId>
      <OverwriteBehaviour>always</OverwriteBehaviour>
      <ApplicationRelativeFilePath>../../eShopOnDapr.Web.HttpAggregator/eShopOnDapr.Web.HttpAggregator.Domain/Common/DomainEvent.cs</ApplicationRelativeFilePath>
      <ProjectRelativeFilePath>DomainEvent.cs</ProjectRelativeFilePath>
      <IsIgnored>false</IsIgnored>
    </FileLog>
    <FileLog>
      <ProjectId>0b3d8be4-4449-4a8e-bfd3-4d65dfad0dfe</ProjectId>
      <CorrelationId>Intent.DomainEvents.HasDomainEventInterface</CorrelationId>
      <OverwriteBehaviour>always</OverwriteBehaviour>
      <ApplicationRelativeFilePath>../../eShopOnDapr.Web.HttpAggregator/eShopOnDapr.Web.HttpAggregator.Domain/Common/IHasDomainEvent.cs</ApplicationRelativeFilePath>
      <ProjectRelativeFilePath>IHasDomainEvent.cs</ProjectRelativeFilePath>
      <IsIgnored>false</IsIgnored>
    </FileLog>
    <FileLog>
      <ProjectId>d64eef67-76a8-4068-9b2d-296a189dd4b7</ProjectId>
      <CorrelationId>Intent.Entities.Repositories.Api.UnitOfWorkInterface</CorrelationId>
      <OverwriteBehaviour>always</OverwriteBehaviour>
      <ApplicationRelativeFilePath>../../eShopOnDapr.Web.HttpAggregator/eShopOnDapr.Web.HttpAggregator.Domain/Common/Interfaces/IUnitOfWork.cs</ApplicationRelativeFilePath>
      <ProjectRelativeFilePath>IUnitOfWork.cs</ProjectRelativeFilePath>
      <IsIgnored>false</IsIgnored>
    </FileLog>
    <FileLog>
      <ProjectId>0b3d8be4-4449-4a8e-bfd3-4d65dfad0dfe</ProjectId>
      <CorrelationId>Intent.Entities.UpdateHelper</CorrelationId>
      <OverwriteBehaviour>always</OverwriteBehaviour>
      <ApplicationRelativeFilePath>../../eShopOnDapr.Web.HttpAggregator/eShopOnDapr.Web.HttpAggregator.Domain/Common/UpdateHelper.cs</ApplicationRelativeFilePath>
      <ProjectRelativeFilePath>UpdateHelper.cs</ProjectRelativeFilePath>
      <IsIgnored>false</IsIgnored>
    </FileLog>
    <FileLog>
      <ProjectId>012be95e-eaa6-4b96-a549-e01f48f436d9</ProjectId>
      <CorrelationId>Intent.VisualStudio.Projects.CoreLibrary.CSProject#012be95e-eaa6-4b96-a549-e01f48f436d9</CorrelationId>
      <OverwriteBehaviour>always</OverwriteBehaviour>
      <ApplicationRelativeFilePath>../../eShopOnDapr.Web.HttpAggregator/eShopOnDapr.Web.HttpAggregator.Domain/eShopOnDapr.Web.HttpAggregator.Domain.csproj</ApplicationRelativeFilePath>
      <ProjectRelativeFilePath>eShopOnDapr.Web.HttpAggregator.Domain.csproj</ProjectRelativeFilePath>
      <IsIgnored>false</IsIgnored>
    </FileLog>
    <FileLog>
      <ProjectId>f4d72164-c7dc-4f40-8c52-14b19f0fdaa9</ProjectId>
      <CorrelationId>Intent.Entities.Repositories.Api.PagedResultInterface</CorrelationId>
      <OverwriteBehaviour>always</OverwriteBehaviour>
      <ApplicationRelativeFilePath>../../eShopOnDapr.Web.HttpAggregator/eShopOnDapr.Web.HttpAggregator.Domain/Repositories/IPagedResult.cs</ApplicationRelativeFilePath>
      <ProjectRelativeFilePath>IPagedResult.cs</ProjectRelativeFilePath>
      <IsIgnored>false</IsIgnored>
    </FileLog>
    <FileLog>
      <ProjectId>f4d72164-c7dc-4f40-8c52-14b19f0fdaa9</ProjectId>
      <CorrelationId>Intent.Entities.Repositories.Api.RepositoryInterface</CorrelationId>
      <OverwriteBehaviour>always</OverwriteBehaviour>
      <ApplicationRelativeFilePath>../../eShopOnDapr.Web.HttpAggregator/eShopOnDapr.Web.HttpAggregator.Domain/Repositories/IRepository.cs</ApplicationRelativeFilePath>
      <ProjectRelativeFilePath>IRepository.cs</ProjectRelativeFilePath>
      <IsIgnored>false</IsIgnored>
    </FileLog>
    <FileLog>
      <ProjectId>bbfe42f1-d62e-4aa5-bb3f-8ec55aeec8fd</ProjectId>
      <CorrelationId>Intent.Infrastructure.DependencyInjection.DependencyInjection</CorrelationId>
      <OverwriteBehaviour>always</OverwriteBehaviour>
      <ApplicationRelativeFilePath>../../eShopOnDapr.Web.HttpAggregator/eShopOnDapr.Web.HttpAggregator.Infrastructure/DependencyInjection.cs</ApplicationRelativeFilePath>
      <ProjectRelativeFilePath>DependencyInjection.cs</ProjectRelativeFilePath>
      <IsIgnored>false</IsIgnored>
    </FileLog>
    <FileLog>
      <ProjectId>bbfe42f1-d62e-4aa5-bb3f-8ec55aeec8fd</ProjectId>
      <CorrelationId>Intent.VisualStudio.Projects.CoreLibrary.CSProject#bbfe42f1-d62e-4aa5-bb3f-8ec55aeec8fd</CorrelationId>
      <OverwriteBehaviour>always</OverwriteBehaviour>
      <ApplicationRelativeFilePath>../../eShopOnDapr.Web.HttpAggregator/eShopOnDapr.Web.HttpAggregator.Infrastructure/eShopOnDapr.Web.HttpAggregator.Infrastructure.csproj</ApplicationRelativeFilePath>
      <ProjectRelativeFilePath>eShopOnDapr.Web.HttpAggregator.Infrastructure.csproj</ProjectRelativeFilePath>
      <IsIgnored>false</IsIgnored>
    </FileLog>
    <FileLog>
      <ProjectId>8ffeda56-bad3-444c-95d0-be786770aecf</ProjectId>
      <CorrelationId>Intent.Dapr.AspNetCore.ServiceInvocation.HttpClient#3d1cf4e9-5588-4cea-b45e-0768d4687ecc</CorrelationId>
      <OverwriteBehaviour>always</OverwriteBehaviour>
      <ApplicationRelativeFilePath>../../eShopOnDapr.Web.HttpAggregator/eShopOnDapr.Web.HttpAggregator.Infrastructure/HttpClients/BasketServiceHttpClient.cs</ApplicationRelativeFilePath>
      <ProjectRelativeFilePath>BasketServiceHttpClient.cs</ProjectRelativeFilePath>
      <IsIgnored>false</IsIgnored>
    </FileLog>
    <FileLog>
      <ProjectId>0e6bdee0-8b80-49c8-9206-3cb7b077e88b</ProjectId>
      <CorrelationId>Intent.EntityFrameworkCore.DbContext</CorrelationId>
      <OverwriteBehaviour>always</OverwriteBehaviour>
      <ApplicationRelativeFilePath>../../eShopOnDapr.Web.HttpAggregator/eShopOnDapr.Web.HttpAggregator.Infrastructure/Persistence/ApplicationDbContext.cs</ApplicationRelativeFilePath>
      <ProjectRelativeFilePath>ApplicationDbContext.cs</ProjectRelativeFilePath>
      <IsIgnored>false</IsIgnored>
    </FileLog>
    <FileLog>
      <ProjectId>0e6bdee0-8b80-49c8-9206-3cb7b077e88b</ProjectId>
      <CorrelationId>Intent.EntityFrameworkCore.DbMigrationsReadMe</CorrelationId>
      <OverwriteBehaviour>always</OverwriteBehaviour>
      <ApplicationRelativeFilePath>../../eShopOnDapr.Web.HttpAggregator/eShopOnDapr.Web.HttpAggregator.Infrastructure/Persistence/MIGRATION_README.txt</ApplicationRelativeFilePath>
      <ProjectRelativeFilePath>MIGRATION_README.txt</ProjectRelativeFilePath>
      <IsIgnored>false</IsIgnored>
    </FileLog>
    <FileLog>
      <ProjectId>d9337f10-3ada-45aa-a202-aa2f9558e52d</ProjectId>
      <CorrelationId>Intent.EntityFrameworkCore.Repositories.PagedList</CorrelationId>
      <OverwriteBehaviour>always</OverwriteBehaviour>
      <ApplicationRelativeFilePath>../../eShopOnDapr.Web.HttpAggregator/eShopOnDapr.Web.HttpAggregator.Infrastructure/Repositories/PagedList.cs</ApplicationRelativeFilePath>
      <ProjectRelativeFilePath>PagedList.cs</ProjectRelativeFilePath>
      <IsIgnored>false</IsIgnored>
    </FileLog>
    <FileLog>
      <ProjectId>d9337f10-3ada-45aa-a202-aa2f9558e52d</ProjectId>
      <CorrelationId>Intent.EntityFrameworkCore.Repositories.RepositoryBase</CorrelationId>
      <OverwriteBehaviour>always</OverwriteBehaviour>
      <ApplicationRelativeFilePath>../../eShopOnDapr.Web.HttpAggregator/eShopOnDapr.Web.HttpAggregator.Infrastructure/Repositories/RepositoryBase.cs</ApplicationRelativeFilePath>
      <ProjectRelativeFilePath>RepositoryBase.cs</ProjectRelativeFilePath>
      <IsIgnored>false</IsIgnored>
    </FileLog>
    <FileLog>
      <ProjectId>285a30be-e535-4b9a-bc0d-71ac75cc852b</ProjectId>
      <CorrelationId>Intent.MediatR.DomainEvents.DomainEventService</CorrelationId>
      <OverwriteBehaviour>always</OverwriteBehaviour>
      <ApplicationRelativeFilePath>../../eShopOnDapr.Web.HttpAggregator/eShopOnDapr.Web.HttpAggregator.Infrastructure/Services/DomainEventService.cs</ApplicationRelativeFilePath>
      <ProjectRelativeFilePath>DomainEventService.cs</ProjectRelativeFilePath>
      <IsIgnored>false</IsIgnored>
    </FileLog>
    <FileLog>
      <CorrelationId>Intent.VisualStudio.Projects.VisualStudio2015Solution#150ba8d0-75b3-4a83-945b-7e7d95a3ca2a</CorrelationId>
      <OverwriteBehaviour>always</OverwriteBehaviour>
      <ApplicationRelativeFilePath>../../eShopOnDapr.Web.HttpAggregator/eShopOnDapr.Web.HttpAggregator.sln</ApplicationRelativeFilePath>
      <IsIgnored>false</IsIgnored>
    </FileLog>
  </FileLogs>
</outputLog>